[23:47:27.682] Global cache location '/Users/alex/Library/Caches/typescript/3.8', safe file path '/usr/local/lib/node_modules/typescript/lib/typingsafelist.json', types map path /usr/local/lib/node_modules/typescript/lib/typesmap.json
[23:47:27.684] Processing cache location '/Users/alex/Library/Caches/typescript/3.8'
[23:47:27.684] Trying to find '/Users/alex/Library/Caches/typescript/3.8/package.json'...
[23:47:27.689] Loaded content of '/Users/alex/Library/Caches/typescript/3.8/package.json': {"private":true,"dependencies":{"types-registry":"^0.1.504"},"devDependencies":{"@types/abbrev":"^1.1.1","@types/accepts":"^1.3.5","@types/acorn":"^4.0.5","@types/ajv-errors":"^1.0.2","@types/ajv-keywords":"^3.4.0","@types/ansi-styles":"^3.2.1","@types/anymatch":"^1.3.1","@types/are-we-there-yet":"^1.1.0","@types/argparse":"^1.0.38","@types/aria-query":"^3.0.0","@types/arr-diff":"^4.0.0","@types/arr-union":"^3.1.0","@types/array-find-index":"^1.0.0","@types/array-unique":"^0.3.0","@types/array.prototype.flat":"^1.2.1","@types/asap":"^2.0.0","@types/asn1":"^0.2.0","@types/assert":"^1.5.1","@types/assert-plus":"^1.0.4","@types/async":"^3.2.3","@types/atob":"^2.1.2","@types/autoprefixer":"^9.7.2","@types/aws4":"^1.5.1","@types/babel-code-frame":"^6.20.4","@types/babel-plugin-macros":"^2.8.1","@types/babel-plugin-syntax-jsx":"^6.18.0","@types/babel__code-frame":"^7.0.1","@types/babel__core":"^7.1.9","@types/babel__plugin-transform-runtime":"^7.9.0","@types/babel__preset-env":"^7.9.0","@types/babylon":"^6.16.5","@types/balanced-match":"^1.0.1","@types/base64-js":"^1.3.0","@types/bcrypt":"^3.0.0","@types/big.js":"^4.0.5","@types/bindings":"^1.3.0","@types/bl":"^2.1.0","@types/bluebird":"^3.5.32","@types/bn.js":"^4.11.6","@types/body-parser":"^1.19.0","@types/bonjour":"^3.5.6","@types/bootstrap":"^4.3.2","@types/brace-expansion":"^1.1.0","@types/braces":"^3.0.0","@types/brorand":"^1.0.30","@types/browser-resolve":"^1.11.0","@types/browserslist":"^4.8.0","@types/bser":"^2.0.0","@types/bson":"^4.0.2","@types/buffer-from":"^1.1.0","@types/buffer-xor":"^2.0.0","@types/bytes":"^3.1.0","@types/cacache":"^12.0.1","@types/cacheable-request":"^6.0.1","@types/caniuse-api":"^3.0.0","@types/caniuse-lite":"^1.0.0","@types/case-sensitive-paths-webpack-plugin":"^2.1.4","@types/caseless":"^0.12.2","@types/chai":"^4.2.11","@types/chardet":"^0.8.0","@types/chownr":"^1.0.0","@types/ci-info":"^2.0.0","@types/cipher-base":"^1.0.0","@types/clean-css":"^4.2.1","@types/clone-deep":"^4.0.1","@types/co":"^4.6.2","@types/color":"^3.0.1","@types/color-convert":"^1.9.0","@types/color-name":"^1.1.1","@types/color-string":"^1.5.0","@types/combined-stream":"^1.0.2","@types/common-tags":"^1.8.0","@types/commondir":"^1.0.0","@types/component-emitter":"^1.2.9","@types/compose-function":"0.0.30","@types/compressible":"^2.0.0","@types/compression":"^1.7.0","@types/concat-map":"0.0.0","@types/concat-stream":"^1.6.0","@types/configstore":"^4.0.0","@types/confusing-browser-globals":"^1.0.0","@types/connect-history-api-fallback":"^1.3.3","@types/contains-path":"^1.0.0","@types/content-disposition":"^0.5.3","@types/content-type":"^1.1.3","@types/convert-source-map":"^1.5.1","@types/cookie":"^0.4.0","@types/cookie-parser":"^1.4.2","@types/cookie-signature":"^1.0.3","@types/cookiejar":"^2.1.1","@types/core-js":"^2.5.3","@types/cors":"^2.8.6","@types/create-hash":"^1.2.2","@types/create-hmac":"^1.1.0","@types/cross-spawn":"^6.0.1","@types/css":"0.0.31","@types/css-declaration-sorter":"^5.1.0","@types/css-tree":"^1.0.3","@types/cssesc":"^3.0.0","@types/cssnano":"^4.0.0","@types/csso":"^3.5.1","@types/cssom":"^0.4.1","@types/cssstyle":"^2.2.1","@types/d":"^1.0.0","@types/debug":"^4.1.5","@types/decode-uri-component":"^0.2.0","@types/deep-equal":"^1.0.1","@types/deep-extend":"^0.4.31","@types/deep-freeze":"^0.1.2","@types/default-gateway":"^3.0.1","@types/define-properties":"^1.1.3","@types/depd":"^1.1.32","@types/destroy":"^1.0.0","@types/detect-node":"^2.0.0","@types/detective":"^5.1.0","@types/diffie-hellman":"^5.0.0","@types/dir-glob":"^2.0.0","@types/doctrine":"0.0.3","@types/domexception":"^2.0.0","@types/domhandler":"^2.4.1","@types/domutils":"^1.7.2","@types/dot":"^1.1.4","@types/duplexer3":"^0.1.0","@types/duplexify":"^3.6.0","@types/ee-first":"^1.1.0","@types/ejs":"^3.0.4","@types/elliptic":"^6.4.12","@types/encodeurl":"^1.0.0","@types/end-of-stream":"^1.4.0","@types/enhanced-resolve":"^3.0.6","@types/entities":"^1.1.1","@types/es-abstract":"^1.17.0","@types/es-to-primitive":"^1.2.2","@types/escape-html":"^1.0.0","@types/escodegen":"0.0.6","@types/eslint":"^7.2.0","@types/eslint-config-prettier":"^6.11.0","@types/eslint-scope":"^3.7.0","@types/eslint-visitor-keys":"^1.0.0","@types/esprima":"^4.0.2","@types/esquery":"^1.0.1","@types/estraverse":"^5.1.0","@types/etag":"^1.8.0","@types/events":"^3.0.0","@types/eventsource":"^1.1.2","@types/exit":"^0.1.31","@types/express":"^4.17.7","@types/express-session":"^1.17.0","@types/extend":"^3.0.1","@types/extsprintf":"^1.4.1","@types/fast-levenshtein":"0.0.1","@types/fb-watchman":"^2.0.0","@types/file-entry-cache":"^5.0.0","@types/file-loader":"^4.2.0","@types/finalhandler":"^1.1.0","@types/find-cache-dir":"^3.2.0","@types/flat":"^5.0.0","@types/flat-cache":"^2.0.0","@types/flush-write-stream":"^1.0.0","@types/follow-redirects":"^1.8.0","@types/forever-agent":"^0.6.0","@types/formidable":"^1.0.31","@types/forwarded":"^0.1.0","@types/fresh":"^0.5.0","@types/from2":"^2.3.0","@types/fs-extra":"^9.0.1","@types/fs-readdir-recursive":"^1.0.0","@types/function-bind":"^1.1.3","@types/get-caller-file":"^1.0.0","@types/get-value":"^3.0.1","@types/getpass":"^0.1.0","@types/glob":"^7.1.3","@types/glob-parent":"^5.1.0","@types/glob-to-regexp":"^0.4.0","@types/global-modules":"^2.0.0","@types/global-prefix":"^3.0.0","@types/graceful-fs":"^4.1.3","@types/gulp":"^4.0.6","@types/has":"^1.0.0","@types/has-ansi":"^3.0.0","@types/has-symbols":"^1.0.0","@types/he":"^1.1.1","@types/helmet":"0.0.47","@types/hosted-git-info":"^3.0.0","@types/html-encoding-sniffer":"^2.0.0","@types/html-entities":"^1.2.16","@types/html-escaper":"^3.0.0","@types/html-minifier-terser":"^5.0.0","@types/html-webpack-plugin":"^3.2.3","@types/htmlparser2":"^3.10.1","@types/http-cache-semantics":"^4.0.0","@types/http-errors":"^1.6.3","@types/http-proxy":"^1.17.4","@types/http-proxy-middleware":"^0.19.3","@types/http-server":"^0.10.0","@types/hyperscript":"0.0.3","@types/icss-utils":"^4.1.0","@types/iferr":"^1.0.2","@types/ignore-walk":"^3.0.1","@types/imurmurhash":"^0.1.1","@types/inherits":"0.0.30","@types/ini":"^1.3.30","@types/inquirer":"^6.5.0","@types/internal-slot":"^1.0.1","@types/invariant":"^2.2.33","@types/ip":"^1.1.0","@types/is-buffer":"^2.0.0","@types/is-callable":"^1.1.0","@types/is-ci":"^2.0.0","@types/is-date-object":"^1.0.1","@types/is-finite":"^1.0.0","@types/is-glob":"^4.0.1","@types/is-number":"^7.0.0","@types/is-promise":"^2.1.0","@types/is-regex":"^1.0.0","@types/is-typedarray":"^1.0.0","@types/is-windows":"^1.0.0","@types/isarray":"^2.0.0","@types/isexe":"^2.0.0","@types/isstream":"^0.1.0","@types/istanbul-lib-coverage":"^2.0.1","@types/istanbul-lib-instrument":"^1.7.3","@types/istanbul-lib-report":"^3.0.0","@types/istanbul-lib-source-maps":"^4.0.1","@types/istanbul-reports":"^1.1.1","@types/jade":"0.0.30","@types/jasmine":"^3.5.12","@types/jest":"^26.0.4","@types/jquery":"^3.5.0","@types/js-base64":"^2.3.1","@types/js-levenshtein":"^1.1.0","@types/js-yaml":"^3.12.5","@types/jsbn":"^1.2.29","@types/jsdom":"^16.2.0","@types/jsesc":"^2.5.1","@types/json-parse-better-errors":"^1.0.0","@types/json-schema":"^7.0.4","@types/json-schema-traverse":"^0.4.0","@types/json-server":"^0.14.2","@types/json-stable-stringify":"^1.0.32","@types/json-stringify-safe":"^5.0.0","@types/json3":"^3.3.2","@types/json5":"0.0.30","@types/jsonfile":"^5.0.0","@types/jsonwebtoken":"^8.5.0","@types/karma":"^5.0.0","@types/karma-chrome-launcher":"^3.1.0","@types/karma-coverage-istanbul-reporter":"^2.1.0","@types/karma-jasmine":"^3.1.0","@types/karma-jasmine-html-reporter":"^1.5.1","@types/kind-of":"^6.0.0","@types/less":"^3.0.1","@types/loader-runner":"^2.2.3","@types/loader-utils":"^2.0.1","@types/lodash":"^4.14.158","@types/lodash.find":"^4.6.6","@types/lodash.foreach":"^4.5.6","@types/lodash.get":"^4.4.6","@types/lodash.last":"^3.0.6","@types/lodash.memoize":"^4.1.6","@types/lodash.sortby":"^4.7.6","@types/lodash.template":"^4.4.6","@types/lodash.uniq":"^4.5.6","@types/logg":"0.0.29","@types/logger":"0.0.0","@types/lru-cache":"^5.1.0","@types/media-typer":"^1.1.0","@types/memory-fs":"^0.3.2","@types/memory-pager":"^1.4.0","@types/merge-descriptors":"^1.0.1","@types/merge-stream":"^1.1.2","@types/merge2":"^1.3.0","@types/methods":"^1.1.1","@types/micromatch":"^4.0.1","@types/mime":"^2.0.2","@types/mime-db":"^1.43.0","@types/mime-types":"^2.1.0","@types/min-indent":"^1.0.0","@types/mini-css-extract-plugin":"^0.9.1","@types/minimalistic-assert":"^1.0.0","@types/minimatch":"^3.0.3","@types/minimist":"^1.2.0","@types/minipass":"^2.2.0","@types/mkdirp":"^1.0.1","@types/mocha":"^7.0.2","@types/mongodb":"^3.5.25","@types/mongoose":"^5.7.36","@types/mongoose-unique-validator":"^1.0.4","@types/morgan":"^1.9.1","@types/move-concurrently":"^1.0.2","@types/ms":"^0.7.31","@types/multer":"^1.4.3","@types/natural-compare":"^1.4.0","@types/needle":"^2.0.4","@types/negotiator":"^0.6.1","@types/next-tick":"^1.0.0","@types/nice-try":"^2.0.0","@types/node-fetch":"^2.5.7","@types/node-forge":"^0.9.3","@types/node-int64":"^0.4.29","@types/node-notifier":"^6.0.1","@types/node-sass-middleware":"0.0.31","@types/nodemon":"^1.19.0","@types/nopt":"^3.0.29","@types/normalize-package-data":"^2.4.0","@types/normalize-path":"^3.0.0","@types/npm-packlist":"^1.1.1","@types/num2fraction":"^1.2.0","@types/number-is-nan":"^1.0.0","@types/object-assign":"^4.0.30","@types/object-hash":"^1.3.3","@types/object-inspect":"^1.6.1","@types/object-keys":"^1.0.1","@types/object-path":"^0.11.0","@types/object.getownpropertydescriptors":"^2.1.1","@types/object.pick":"^1.3.0","@types/on-finished":"^2.3.1","@types/on-headers":"^1.0.0","@types/once":"^1.4.0","@types/optimize-css-assets-webpack-plugin":"^5.0.1","@types/original":"^1.0.0","@types/os-homedir":"^1.0.0","@types/os-tmpdir":"^1.0.0","@types/osenv":"^0.1.0","@types/pako":"^1.0.1","@types/parallel-transform":"^1.1.0","@types/parse-json":"^4.0.0","@types/parse5":"^5.0.2","@types/parseurl":"^1.3.1","@types/pascalcase":"^1.0.0","@types/passport":"^1.0.3","@types/passport-jwt":"^3.0.3","@types/passport-local":"^1.0.33","@types/path-is-absolute":"^1.0.0","@types/path-is-inside":"^1.0.0","@types/path-parse":"^1.0.19","@types/pbkdf2":"^3.0.0","@types/picomatch":"^2.2.1","@types/pify":"^3.0.2","@types/pnpapi":"0.0.0","@types/postcss-calc":"^7.0.0","@types/postcss-custom-properties":"^9.1.0","@types/postcss-flexbugs-fixes":"^4.2.0","@types/postcss-import":"^12.0.0","@types/postcss-load-config":"^2.0.1","@types/postcss-modules-extract-imports":"^2.0.0","@types/postcss-modules-local-by-default":"^1.2.0","@types/postcss-modules-scope":"^1.1.0","@types/postcss-modules-values":"^3.0.0","@types/postcss-safe-parser":"^4.0.0","@types/prelude-ls":"^1.1.29","@types/progress":"^2.0.3","@types/promise-inflight":"^1.0.0","@types/prompts":"^2.0.5","@types/prop-types":"^15.7.3","@types/proxy-addr":"^2.0.0","@types/psl":"^1.1.0","@types/pug":"^2.0.4","@types/pump":"^1.1.0","@types/pumpify":"^1.4.1","@types/punycode":"^2.1.0","@types/q":"^1.5.4","@types/qs":"^6.9.4","@types/querystringify":"^2.0.0","@types/raf":"^3.4.0","@types/randombytes":"^2.0.0","@types/range-parser":"^1.2.3","@types/react":"^16.9.46","@types/react-dev-utils":"^9.0.4","@types/react-dom":"^16.9.8","@types/react-is":"^16.7.1","@types/react-modal":"^3.10.5","@types/react-redux":"^7.1.9","@types/react-router-dom":"^5.1.5","@types/readable-stream":"^2.3.9","@types/recursive-readdir":"^2.2.0","@types/redux-mock-store":"^1.0.2","@types/ref":"0.0.28","@types/relateurl":"^0.2.28","@types/repeat-element":"^1.1.0","@types/repeat-string":"^1.6.0","@types/request":"^2.48.4","@types/request-promise-native":"^1.0.17","@types/require-directory":"^2.1.1","@types/requires-port":"^1.0.0","@types/resolve":"^1.17.1","@types/responselike":"^1.0.0","@types/retry":"^0.12.0","@types/rimraf":"^3.0.0","@types/ripemd160":"^2.0.0","@types/rsvp":"^4.0.3","@types/safe-regex":"^1.1.2","@types/safer-buffer":"^2.1.0","@types/sane":"^2.0.0","@types/sass":"^1.16.0","@types/sass-loader":"^8.0.0","@types/sax":"^1.2.1","@types/scheduler":"^0.16.1","@types/semver":"^7.3.1","@types/send":"^0.14.5","@types/serialize-javascript":"^4.0.0","@types/serve-index":"^1.7.30","@types/serve-static":"^1.13.4","@types/set-value":"^2.0.0","@types/setimmediate":"^1.0.1","@types/sha.js":"^2.4.0","@types/shebang-command":"^1.2.0","@types/shell-quote":"^1.6.1","@types/signal-exit":"^3.0.0","@types/slice-ansi":"^2.0.0","@types/sockjs":"^0.3.31","@types/sockjs-client":"^1.1.1","@types/sortablejs":"^1.10.4","@types/source-list-map":"^0.1.2","@types/source-map-support":"^0.5.2","@types/spdx-correct":"^2.0.0","@types/spdy":"^3.4.4","@types/sprintf":"^0.1.0","@types/sprintf-js":"^1.1.2","@types/sshpk":"^1.10.4","@types/ssri":"^7.1.0","@types/stack-utils":"^1.0.1","@types/statuses":"^1.5.0","@types/stream-each":"^1.2.0","@types/stream-shift":"^1.0.0","@types/strict-uri-encode":"^2.0.0","@types/string-hash":"^1.1.1","@types/stringify-object":"^3.2.0","@types/styled-jsx":"^2.2.8","@types/supertest":"^2.0.10","@types/supports-color":"^5.3.0","@types/svg-parser":"^2.0.1","@types/svgo":"^1.3.3","@types/symbol-tree":"^3.2.0","@types/table":"^5.0.0","@types/tapable":"^1.0.6","@types/terser-webpack-plugin":"^3.0.0","@types/testing-library__jest-dom":"^5.9.2","@types/testing-library__react":"^10.0.1","@types/testing-library__user-event":"^4.1.1","@types/text-table":"^0.2.1","@types/through":"0.0.30","@types/through2":"^2.0.36","@types/timsort":"^0.3.0","@types/tmp":"^0.1.0","@types/tough-cookie":"^4.0.0","@types/traverse":"^0.6.32","@types/tryer":"^1.0.1","@types/type-check":"^0.3.27","@types/type-is":"^1.6.3","@types/ua-parser-js":"^0.7.33","@types/uniq":"0.0.27","@types/universalify":"^1.0.0","@types/urix":"^0.1.0","@types/url-join":"^4.0.0","@types/url-parse":"^1.4.3","@types/use-subscription":"^1.0.0","@types/util-deprecate":"^1.0.0","@types/util.promisify":"^1.0.4","@types/utils-merge":"0.0.28","@types/uuid":"^8.3.0","@types/vary":"^1.1.0","@types/verror":"^1.10.3","@types/w3c-xmlserializer":"^2.0.0","@types/watchpack":"^1.1.5","@types/webidl-conversions":"^6.0.0","@types/webpack":"^4.41.21","@types/webpack-dev-middleware":"^3.7.0","@types/webpack-dev-server":"^3.11.0","@types/webpack-manifest-plugin":"^2.1.0","@types/webpack-sources":"^1.4.0","@types/whatwg-encoding":"^1.0.0","@types/whatwg-mimetype":"^2.1.0","@types/whatwg-url":"^6.4.0","@types/which":"^1.3.2","@types/workbox-background-sync":"^4.3.0","@types/workbox-broadcast-update":"^4.3.0","@types/workbox-build":"^5.0.0","@types/workbox-cacheable-response":"^4.3.0","@types/workbox-core":"^4.3.0","@types/workbox-expiration":"^4.3.0","@types/workbox-google-analytics":"^4.3.0","@types/workbox-navigation-preload":"^4.3.0","@types/workbox-precaching":"^4.3.0","@types/workbox-range-requests":"^4.3.0","@types/workbox-routing":"^4.3.0","@types/workbox-strategies":"^4.3.0","@types/workbox-streams":"^4.3.0","@types/workbox-sw":"^4.3.0","@types/workbox-webpack-plugin":"^5.1.2","@types/workbox-window":"^4.3.3","@types/wrap-ansi":"^3.0.0","@types/write":"^2.0.0","@types/write-file-atomic":"^3.0.0","@types/ws":"^7.2.3","@types/xregexp":"^4.3.0","@types/xtend":"^4.0.3","@types/y18n":"^4.0.0","@types/yallist":"^3.0.1","@types/yaml":"^1.2.0","@types/yargs":"^15.0.4","@types/yargs-parser":"^15.0.0"}}
[23:47:27.689] Loaded content of '/Users/alex/Library/Caches/typescript/3.8/package-lock.json'
[23:47:27.702] Adding entry into typings cache: 'abbrev' => '/Users/alex/Library/Caches/typescript/3.8/node_modules/@types/abbrev/index.d.ts'
[23:47:27.706] Adding entry into typings cache: 'accepts' => '/Users/alex/Library/Caches/typescript/3.8/node_modules/@types/accepts/index.d.ts'
[23:47:27.711] Adding entry into typings cache: 'acorn' => '/Users/alex/Library/Caches/typescript/3.8/node_modules/@types/acorn/index.d.ts'
[23:47:27.714] Adding entry into typings cache: 'ajv-errors' => '/Users/alex/Library/Caches/typescript/3.8/node_modules/@types/ajv-errors/index.d.ts'
[23:47:27.717] Adding entry into typings cache: 'ajv-keywords' => '/Users/alex/Library/Caches/typescript/3.8/node_modules/@types/ajv-keywords/index.d.ts'
[23:47:27.722] Adding entry into typings cache: 'ansi-styles' => '/Users/alex/Library/Caches/typescript/3.8/node_modules/ansi-styles/index.d.ts'
[23:47:27.728] Adding entry into typings cache: 'anymatch' => '/Users/alex/Library/Caches/typescript/3.8/node_modules/@types/anymatch/index.d.ts'
[23:47:27.730] Adding entry into typings cache: 'are-we-there-yet' => '/Users/alex/Library/Caches/typescript/3.8/node_modules/@types/are-we-there-yet/index.d.ts'
[23:47:27.733] Adding entry into typings cache: 'argparse' => '/Users/alex/Library/Caches/typescript/3.8/node_modules/@types/argparse/index.d.ts'
[23:47:27.739] Adding entry into typings cache: 'aria-query' => '/Users/alex/Library/Caches/typescript/3.8/node_modules/@types/aria-query/index.d.ts'
[23:47:27.746] Adding entry into typings cache: 'arr-diff' => '/Users/alex/Library/Caches/typescript/3.8/node_modules/@types/arr-diff/index.d.ts'
[23:47:27.751] Adding entry into typings cache: 'arr-union' => '/Users/alex/Library/Caches/typescript/3.8/node_modules/@types/arr-union/index.d.ts'
[23:47:27.753] Adding entry into typings cache: 'array-find-index' => '/Users/alex/Library/Caches/typescript/3.8/node_modules/@types/array-find-index/index.d.ts'
[23:47:27.760] Adding entry into typings cache: 'array-unique' => '/Users/alex/Library/Caches/typescript/3.8/node_modules/@types/array-unique/index.d.ts'
[23:47:27.763] Adding entry into typings cache: 'array.prototype.flat' => '/Users/alex/Library/Caches/typescript/3.8/node_modules/@types/array.prototype.flat/index.d.ts'
[23:47:27.765] Adding entry into typings cache: 'asap' => '/Users/alex/Library/Caches/typescript/3.8/node_modules/@types/asap/index.d.ts'
[23:47:27.768] Adding entry into typings cache: 'asn1' => '/Users/alex/Library/Caches/typescript/3.8/node_modules/@types/asn1/index.d.ts'
[23:47:27.772] Adding entry into typings cache: 'assert' => '/Users/alex/Library/Caches/typescript/3.8/node_modules/@types/assert/ts3.7/index.d.ts'
[23:47:27.774] Adding entry into typings cache: 'assert-plus' => '/Users/alex/Library/Caches/typescript/3.8/node_modules/@types/assert-plus/index.d.ts'
[23:47:27.781] Adding entry into typings cache: 'async' => '/Users/alex/Library/Caches/typescript/3.8/node_modules/@types/async/index.d.ts'
[23:47:27.785] Adding entry into typings cache: 'atob' => '/Users/alex/Library/Caches/typescript/3.8/node_modules/@types/atob/index.d.ts'
[23:47:27.789] Adding entry into typings cache: 'autoprefixer' => '/Users/alex/Library/Caches/typescript/3.8/node_modules/@types/autoprefixer/index.d.ts'
[23:47:27.791] Adding entry into typings cache: 'aws4' => '/Users/alex/Library/Caches/typescript/3.8/node_modules/@types/aws4/index.d.ts'
[23:47:27.793] Adding entry into typings cache: 'babel-code-frame' => '/Users/alex/Library/Caches/typescript/3.8/node_modules/@types/babel-code-frame/index.d.ts'
[23:47:27.795] Adding entry into typings cache: 'babel-plugin-macros' => '/Users/alex/Library/Caches/typescript/3.8/node_modules/@types/babel-plugin-macros/index.d.ts'
[23:47:27.797] Adding entry into typings cache: 'babel-plugin-syntax-jsx' => '/Users/alex/Library/Caches/typescript/3.8/node_modules/@types/babel-plugin-syntax-jsx/index.d.ts'
[23:47:27.804] Adding entry into typings cache: 'babel__code-frame' => '/Users/alex/Library/Caches/typescript/3.8/node_modules/@types/babel__code-frame/index.d.ts'
[23:47:27.806] Adding entry into typings cache: 'babel__core' => '/Users/alex/Library/Caches/typescript/3.8/node_modules/@types/babel__core/index.d.ts'
[23:47:27.812] Adding entry into typings cache: 'babel__plugin-transform-runtime' => '/Users/alex/Library/Caches/typescript/3.8/node_modules/@types/babel__plugin-transform-runtime/index.d.ts'
[23:47:27.816] Adding entry into typings cache: 'babel__preset-env' => '/Users/alex/Library/Caches/typescript/3.8/node_modules/@types/babel__preset-env/index.d.ts'
[23:47:27.819] Adding entry into typings cache: 'babylon' => '/Users/alex/Library/Caches/typescript/3.8/node_modules/@types/babylon/index.d.ts'
[23:47:27.821] Adding entry into typings cache: 'balanced-match' => '/Users/alex/Library/Caches/typescript/3.8/node_modules/@types/balanced-match/index.d.ts'
[23:47:27.825] Adding entry into typings cache: 'base64-js' => '/Users/alex/Library/Caches/typescript/3.8/node_modules/@types/base64-js/index.d.ts'
[23:47:27.828] Adding entry into typings cache: 'bcrypt' => '/Users/alex/Library/Caches/typescript/3.8/node_modules/@types/bcrypt/index.d.ts'
[23:47:27.832] Adding entry into typings cache: 'big.js' => '/Users/alex/Library/Caches/typescript/3.8/node_modules/@types/big.js/index.d.ts'
[23:47:27.840] Adding entry into typings cache: 'bindings' => '/Users/alex/Library/Caches/typescript/3.8/node_modules/@types/bindings/index.d.ts'
[23:47:27.841] Adding entry into typings cache: 'bl' => '/Users/alex/Library/Caches/typescript/3.8/node_modules/@types/bl/index.d.ts'
[23:47:27.843] Adding entry into typings cache: 'bluebird' => '/Users/alex/Library/Caches/typescript/3.8/node_modules/@types/bluebird/index.d.ts'
[23:47:27.845] Adding entry into typings cache: 'bn.js' => '/Users/alex/Library/Caches/typescript/3.8/node_modules/@types/bn.js/index.d.ts'
[23:47:27.847] Adding entry into typings cache: 'body-parser' => '/Users/alex/Library/Caches/typescript/3.8/node_modules/@types/body-parser/index.d.ts'
[23:47:27.849] Adding entry into typings cache: 'bonjour' => '/Users/alex/Library/Caches/typescript/3.8/node_modules/@types/bonjour/index.d.ts'
[23:47:27.852] Adding entry into typings cache: 'bootstrap' => '/Users/alex/Library/Caches/typescript/3.8/node_modules/@types/bootstrap/index.d.ts'
[23:47:27.854] Adding entry into typings cache: 'brace-expansion' => '/Users/alex/Library/Caches/typescript/3.8/node_modules/@types/brace-expansion/index.d.ts'
[23:47:27.859] Adding entry into typings cache: 'braces' => '/Users/alex/Library/Caches/typescript/3.8/node_modules/@types/braces/index.d.ts'
[23:47:27.860] Adding entry into typings cache: 'brorand' => '/Users/alex/Library/Caches/typescript/3.8/node_modules/@types/brorand/index.d.ts'
[23:47:27.862] Adding entry into typings cache: 'browser-resolve' => '/Users/alex/Library/Caches/typescript/3.8/node_modules/@types/browser-resolve/index.d.ts'
[23:47:27.865] Adding entry into typings cache: 'browserslist' => '/Users/alex/Library/Caches/typescript/3.8/node_modules/@types/browserslist/index.d.ts'
[23:47:27.870] Adding entry into typings cache: 'bser' => '/Users/alex/Library/Caches/typescript/3.8/node_modules/@types/bser/index.d.ts'
[23:47:27.872] Adding entry into typings cache: 'bson' => '/Users/alex/Library/Caches/typescript/3.8/node_modules/@types/bson/index.d.ts'
[23:47:27.881] Adding entry into typings cache: 'buffer-from' => '/Users/alex/Library/Caches/typescript/3.8/node_modules/@types/buffer-from/index.d.ts'
[23:47:27.883] Adding entry into typings cache: 'buffer-xor' => '/Users/alex/Library/Caches/typescript/3.8/node_modules/@types/buffer-xor/index.d.ts'
[23:47:27.885] Adding entry into typings cache: 'bytes' => '/Users/alex/Library/Caches/typescript/3.8/node_modules/@types/bytes/index.d.ts'
[23:47:27.886] Adding entry into typings cache: 'cacache' => '/Users/alex/Library/Caches/typescript/3.8/node_modules/@types/cacache/index.d.ts'
[23:47:27.889] Adding entry into typings cache: 'cacheable-request' => '/Users/alex/Library/Caches/typescript/3.8/node_modules/@types/cacheable-request/index.d.ts'
[23:47:27.891] Adding entry into typings cache: 'caniuse-api' => '/Users/alex/Library/Caches/typescript/3.8/node_modules/@types/caniuse-api/index.d.ts'
[23:47:27.894] Adding entry into typings cache: 'caniuse-lite' => '/Users/alex/Library/Caches/typescript/3.8/node_modules/@types/caniuse-lite/index.d.ts'
[23:47:27.896] Adding entry into typings cache: 'case-sensitive-paths-webpack-plugin' => '/Users/alex/Library/Caches/typescript/3.8/node_modules/@types/case-sensitive-paths-webpack-plugin/index.d.ts'
[23:47:27.898] Adding entry into typings cache: 'caseless' => '/Users/alex/Library/Caches/typescript/3.8/node_modules/@types/caseless/index.d.ts'
[23:47:27.900] Adding entry into typings cache: 'chai' => '/Users/alex/Library/Caches/typescript/3.8/node_modules/@types/chai/index.d.ts'
[23:47:27.902] Adding entry into typings cache: 'chardet' => '/Users/alex/Library/Caches/typescript/3.8/node_modules/@types/chardet/index.d.ts'
[23:47:27.904] Adding entry into typings cache: 'chownr' => '/Users/alex/Library/Caches/typescript/3.8/node_modules/@types/chownr/index.d.ts'
[23:47:27.906] Adding entry into typings cache: 'ci-info' => '/Users/alex/Library/Caches/typescript/3.8/node_modules/@types/ci-info/index.d.ts'
[23:47:27.908] Adding entry into typings cache: 'cipher-base' => '/Users/alex/Library/Caches/typescript/3.8/node_modules/@types/cipher-base/index.d.ts'
[23:47:27.910] Adding entry into typings cache: 'clean-css' => '/Users/alex/Library/Caches/typescript/3.8/node_modules/@types/clean-css/index.d.ts'
[23:47:27.912] Adding entry into typings cache: 'clone-deep' => '/Users/alex/Library/Caches/typescript/3.8/node_modules/@types/clone-deep/index.d.ts'
[23:47:27.914] Adding entry into typings cache: 'co' => '/Users/alex/Library/Caches/typescript/3.8/node_modules/@types/co/index.d.ts'
[23:47:27.916] Adding entry into typings cache: 'color' => '/Users/alex/Library/Caches/typescript/3.8/node_modules/@types/color/index.d.ts'
[23:47:27.920] Adding entry into typings cache: 'color-convert' => '/Users/alex/Library/Caches/typescript/3.8/node_modules/@types/color-convert/index.d.ts'
[23:47:27.924] Adding entry into typings cache: 'color-name' => '/Users/alex/Library/Caches/typescript/3.8/node_modules/@types/color-name/index.d.ts'
[23:47:27.926] Adding entry into typings cache: 'color-string' => '/Users/alex/Library/Caches/typescript/3.8/node_modules/@types/color-string/index.d.ts'
[23:47:27.929] Adding entry into typings cache: 'combined-stream' => '/Users/alex/Library/Caches/typescript/3.8/node_modules/@types/combined-stream/index.d.ts'
[23:47:27.932] Adding entry into typings cache: 'common-tags' => '/Users/alex/Library/Caches/typescript/3.8/node_modules/@types/common-tags/index.d.ts'
[23:47:27.933] Adding entry into typings cache: 'commondir' => '/Users/alex/Library/Caches/typescript/3.8/node_modules/@types/commondir/index.d.ts'
[23:47:27.937] Adding entry into typings cache: 'component-emitter' => '/Users/alex/Library/Caches/typescript/3.8/node_modules/@types/component-emitter/index.d.ts'
[23:47:27.939] Adding entry into typings cache: 'compose-function' => '/Users/alex/Library/Caches/typescript/3.8/node_modules/@types/compose-function/index.d.ts'
[23:47:27.941] Adding entry into typings cache: 'compressible' => '/Users/alex/Library/Caches/typescript/3.8/node_modules/@types/compressible/index.d.ts'
[23:47:27.942] Adding entry into typings cache: 'compression' => '/Users/alex/Library/Caches/typescript/3.8/node_modules/@types/compression/index.d.ts'
[23:47:27.944] Adding entry into typings cache: 'concat-map' => '/Users/alex/Library/Caches/typescript/3.8/node_modules/@types/concat-map/index.d.ts'
[23:47:27.946] Adding entry into typings cache: 'concat-stream' => '/Users/alex/Library/Caches/typescript/3.8/node_modules/@types/concat-stream/index.d.ts'
[23:47:27.948] Adding entry into typings cache: 'configstore' => '/Users/alex/Library/Caches/typescript/3.8/node_modules/@types/configstore/index.d.ts'
[23:47:27.949] Adding entry into typings cache: 'confusing-browser-globals' => '/Users/alex/Library/Caches/typescript/3.8/node_modules/@types/confusing-browser-globals/index.d.ts'
[23:47:27.951] Adding entry into typings cache: 'connect-history-api-fallback' => '/Users/alex/Library/Caches/typescript/3.8/node_modules/@types/connect-history-api-fallback/index.d.ts'
[23:47:27.953] Adding entry into typings cache: 'contains-path' => '/Users/alex/Library/Caches/typescript/3.8/node_modules/@types/contains-path/index.d.ts'
[23:47:27.955] Adding entry into typings cache: 'content-disposition' => '/Users/alex/Library/Caches/typescript/3.8/node_modules/@types/content-disposition/index.d.ts'
[23:47:27.958] Adding entry into typings cache: 'content-type' => '/Users/alex/Library/Caches/typescript/3.8/node_modules/@types/content-type/index.d.ts'
[23:47:27.960] Adding entry into typings cache: 'convert-source-map' => '/Users/alex/Library/Caches/typescript/3.8/node_modules/@types/convert-source-map/index.d.ts'
[23:47:27.961] Adding entry into typings cache: 'cookie' => '/Users/alex/Library/Caches/typescript/3.8/node_modules/@types/cookie/index.d.ts'
[23:47:27.964] Adding entry into typings cache: 'cookie-parser' => '/Users/alex/Library/Caches/typescript/3.8/node_modules/@types/cookie-parser/index.d.ts'
[23:47:27.965] Adding entry into typings cache: 'cookie-signature' => '/Users/alex/Library/Caches/typescript/3.8/node_modules/@types/cookie-signature/index.d.ts'
[23:47:27.968] Adding entry into typings cache: 'cookiejar' => '/Users/alex/Library/Caches/typescript/3.8/node_modules/@types/cookiejar/index.d.ts'
[23:47:27.969] Adding entry into typings cache: 'core-js' => '/Users/alex/Library/Caches/typescript/3.8/node_modules/@types/core-js/index.d.ts'
[23:47:27.971] Adding entry into typings cache: 'cors' => '/Users/alex/Library/Caches/typescript/3.8/node_modules/@types/cors/index.d.ts'
[23:47:27.972] Adding entry into typings cache: 'create-hash' => '/Users/alex/Library/Caches/typescript/3.8/node_modules/@types/create-hash/index.d.ts'
[23:47:27.975] Adding entry into typings cache: 'create-hmac' => '/Users/alex/Library/Caches/typescript/3.8/node_modules/@types/create-hmac/index.d.ts'
[23:47:27.977] Adding entry into typings cache: 'cross-spawn' => '/Users/alex/Library/Caches/typescript/3.8/node_modules/@types/cross-spawn/index.d.ts'
[23:47:27.978] Adding entry into typings cache: 'css' => '/Users/alex/Library/Caches/typescript/3.8/node_modules/@types/css/index.d.ts'
[23:47:27.985] Adding entry into typings cache: 'css-declaration-sorter' => '/Users/alex/Library/Caches/typescript/3.8/node_modules/@types/css-declaration-sorter/index.d.ts'
[23:47:27.986] Adding entry into typings cache: 'css-tree' => '/Users/alex/Library/Caches/typescript/3.8/node_modules/@types/css-tree/index.d.ts'
[23:47:27.991] Adding entry into typings cache: 'cssesc' => '/Users/alex/Library/Caches/typescript/3.8/node_modules/@types/cssesc/index.d.ts'
[23:47:28.7] Adding entry into typings cache: 'cssnano' => '/Users/alex/Library/Caches/typescript/3.8/node_modules/@types/cssnano/index.d.ts'
[23:47:28.10] Adding entry into typings cache: 'csso' => '/Users/alex/Library/Caches/typescript/3.8/node_modules/@types/csso/index.d.ts'
[23:47:28.12] Adding entry into typings cache: 'cssom' => '/Users/alex/Library/Caches/typescript/3.8/node_modules/@types/cssom/index.d.ts'
[23:47:28.13] Adding entry into typings cache: 'cssstyle' => '/Users/alex/Library/Caches/typescript/3.8/node_modules/@types/cssstyle/index.d.ts'
[23:47:28.15] Adding entry into typings cache: 'd' => '/Users/alex/Library/Caches/typescript/3.8/node_modules/@types/d/index.d.ts'
[23:47:28.19] Adding entry into typings cache: 'debug' => '/Users/alex/Library/Caches/typescript/3.8/node_modules/@types/debug/index.d.ts'
[23:47:28.23] Adding entry into typings cache: 'decode-uri-component' => '/Users/alex/Library/Caches/typescript/3.8/node_modules/@types/decode-uri-component/index.d.ts'
[23:47:28.25] Adding entry into typings cache: 'deep-equal' => '/Users/alex/Library/Caches/typescript/3.8/node_modules/@types/deep-equal/index.d.ts'
[23:47:28.29] Adding entry into typings cache: 'deep-extend' => '/Users/alex/Library/Caches/typescript/3.8/node_modules/@types/deep-extend/index.d.ts'
[23:47:28.31] Adding entry into typings cache: 'deep-freeze' => '/Users/alex/Library/Caches/typescript/3.8/node_modules/@types/deep-freeze/index.d.ts'
[23:47:28.32] Adding entry into typings cache: 'default-gateway' => '/Users/alex/Library/Caches/typescript/3.8/node_modules/@types/default-gateway/index.d.ts'
[23:47:28.34] Adding entry into typings cache: 'define-properties' => '/Users/alex/Library/Caches/typescript/3.8/node_modules/@types/define-properties/index.d.ts'
[23:47:28.35] Adding entry into typings cache: 'depd' => '/Users/alex/Library/Caches/typescript/3.8/node_modules/@types/depd/index.d.ts'
[23:47:28.38] Adding entry into typings cache: 'destroy' => '/Users/alex/Library/Caches/typescript/3.8/node_modules/@types/destroy/index.d.ts'
[23:47:28.41] Adding entry into typings cache: 'detect-node' => '/Users/alex/Library/Caches/typescript/3.8/node_modules/@types/detect-node/index.d.ts'
[23:47:28.43] Adding entry into typings cache: 'detective' => '/Users/alex/Library/Caches/typescript/3.8/node_modules/@types/detective/index.d.ts'
[23:47:28.48] Adding entry into typings cache: 'diffie-hellman' => '/Users/alex/Library/Caches/typescript/3.8/node_modules/@types/diffie-hellman/index.d.ts'
[23:47:28.50] Adding entry into typings cache: 'dir-glob' => '/Users/alex/Library/Caches/typescript/3.8/node_modules/@types/dir-glob/index.d.ts'
[23:47:28.51] Adding entry into typings cache: 'doctrine' => '/Users/alex/Library/Caches/typescript/3.8/node_modules/@types/doctrine/index.d.ts'
[23:47:28.53] Adding entry into typings cache: 'domexception' => '/Users/alex/Library/Caches/typescript/3.8/node_modules/@types/domexception/index.d.ts'
[23:47:28.55] Adding entry into typings cache: 'domhandler' => '/Users/alex/Library/Caches/typescript/3.8/node_modules/@types/domhandler/index.d.ts'
[23:47:28.59] Adding entry into typings cache: 'domutils' => '/Users/alex/Library/Caches/typescript/3.8/node_modules/@types/domutils/index.d.ts'
[23:47:28.66] Adding entry into typings cache: 'dot' => '/Users/alex/Library/Caches/typescript/3.8/node_modules/@types/dot/index.d.ts'
[23:47:28.67] Adding entry into typings cache: 'duplexer3' => '/Users/alex/Library/Caches/typescript/3.8/node_modules/@types/duplexer3/index.d.ts'
[23:47:28.68] Adding entry into typings cache: 'duplexify' => '/Users/alex/Library/Caches/typescript/3.8/node_modules/@types/duplexify/index.d.ts'
[23:47:28.74] Adding entry into typings cache: 'ee-first' => '/Users/alex/Library/Caches/typescript/3.8/node_modules/@types/ee-first/index.d.ts'
[23:47:28.78] Adding entry into typings cache: 'ejs' => '/Users/alex/Library/Caches/typescript/3.8/node_modules/@types/ejs/index.d.ts'
[23:47:28.79] Adding entry into typings cache: 'elliptic' => '/Users/alex/Library/Caches/typescript/3.8/node_modules/@types/elliptic/index.d.ts'
[23:47:28.80] Adding entry into typings cache: 'encodeurl' => '/Users/alex/Library/Caches/typescript/3.8/node_modules/@types/encodeurl/index.d.ts'
[23:47:28.88] Adding entry into typings cache: 'end-of-stream' => '/Users/alex/Library/Caches/typescript/3.8/node_modules/@types/end-of-stream/index.d.ts'
[23:47:28.96] Adding entry into typings cache: 'enhanced-resolve' => '/Users/alex/Library/Caches/typescript/3.8/node_modules/@types/enhanced-resolve/index.d.ts'
[23:47:28.105] Adding entry into typings cache: 'entities' => '/Users/alex/Library/Caches/typescript/3.8/node_modules/@types/entities/index.d.ts'
[23:47:28.114] Adding entry into typings cache: 'es-abstract' => '/Users/alex/Library/Caches/typescript/3.8/node_modules/@types/es-abstract/index.d.ts'
[23:47:28.118] Adding entry into typings cache: 'es-to-primitive' => '/Users/alex/Library/Caches/typescript/3.8/node_modules/@types/es-to-primitive/ts3.2/index.d.ts'
[23:47:28.122] Adding entry into typings cache: 'escape-html' => '/Users/alex/Library/Caches/typescript/3.8/node_modules/@types/escape-html/index.d.ts'
[23:47:28.123] Adding entry into typings cache: 'escodegen' => '/Users/alex/Library/Caches/typescript/3.8/node_modules/@types/escodegen/index.d.ts'
[23:47:28.130] Adding entry into typings cache: 'eslint' => '/Users/alex/Library/Caches/typescript/3.8/node_modules/@types/eslint/ts3.1/index.d.ts'
[23:47:28.131] Adding entry into typings cache: 'eslint-config-prettier' => '/Users/alex/Library/Caches/typescript/3.8/node_modules/@types/eslint-config-prettier/index.d.ts'
[23:47:28.134] Adding entry into typings cache: 'eslint-scope' => '/Users/alex/Library/Caches/typescript/3.8/node_modules/@types/eslint-scope/index.d.ts'
[23:47:28.136] Adding entry into typings cache: 'eslint-visitor-keys' => '/Users/alex/Library/Caches/typescript/3.8/node_modules/@types/eslint-visitor-keys/index.d.ts'
[23:47:28.137] Adding entry into typings cache: 'esprima' => '/Users/alex/Library/Caches/typescript/3.8/node_modules/@types/esprima/index.d.ts'
[23:47:28.138] Adding entry into typings cache: 'esquery' => '/Users/alex/Library/Caches/typescript/3.8/node_modules/@types/esquery/index.d.ts'
[23:47:28.140] Adding entry into typings cache: 'estraverse' => '/Users/alex/Library/Caches/typescript/3.8/node_modules/@types/estraverse/index.d.ts'
[23:47:28.145] Adding entry into typings cache: 'etag' => '/Users/alex/Library/Caches/typescript/3.8/node_modules/@types/etag/index.d.ts'
[23:47:28.146] Adding entry into typings cache: 'events' => '/Users/alex/Library/Caches/typescript/3.8/node_modules/@types/events/index.d.ts'
[23:47:28.157] Adding entry into typings cache: 'eventsource' => '/Users/alex/Library/Caches/typescript/3.8/node_modules/@types/eventsource/index.d.ts'
[23:47:28.158] Adding entry into typings cache: 'exit' => '/Users/alex/Library/Caches/typescript/3.8/node_modules/@types/exit/index.d.ts'
[23:47:28.160] Adding entry into typings cache: 'express' => '/Users/alex/Library/Caches/typescript/3.8/node_modules/@types/express/index.d.ts'
[23:47:28.164] Adding entry into typings cache: 'express-session' => '/Users/alex/Library/Caches/typescript/3.8/node_modules/@types/express-session/index.d.ts'
[23:47:28.166] Adding entry into typings cache: 'extend' => '/Users/alex/Library/Caches/typescript/3.8/node_modules/@types/extend/index.d.ts'
[23:47:28.167] Adding entry into typings cache: 'extsprintf' => '/Users/alex/Library/Caches/typescript/3.8/node_modules/@types/extsprintf/index.d.ts'
[23:47:28.168] Adding entry into typings cache: 'fast-levenshtein' => '/Users/alex/Library/Caches/typescript/3.8/node_modules/@types/fast-levenshtein/index.d.ts'
[23:47:28.169] Adding entry into typings cache: 'fb-watchman' => '/Users/alex/Library/Caches/typescript/3.8/node_modules/@types/fb-watchman/index.d.ts'
[23:47:28.171] Adding entry into typings cache: 'file-entry-cache' => '/Users/alex/Library/Caches/typescript/3.8/node_modules/@types/file-entry-cache/index.d.ts'
[23:47:28.173] Adding entry into typings cache: 'file-loader' => '/Users/alex/Library/Caches/typescript/3.8/node_modules/@types/file-loader/index.d.ts'
[23:47:28.174] Adding entry into typings cache: 'finalhandler' => '/Users/alex/Library/Caches/typescript/3.8/node_modules/@types/finalhandler/index.d.ts'
[23:47:28.176] Adding entry into typings cache: 'find-cache-dir' => '/Users/alex/Library/Caches/typescript/3.8/node_modules/@types/find-cache-dir/index.d.ts'
[23:47:28.177] Adding entry into typings cache: 'flat' => '/Users/alex/Library/Caches/typescript/3.8/node_modules/@types/flat/index.d.ts'
[23:47:28.178] Adding entry into typings cache: 'flat-cache' => '/Users/alex/Library/Caches/typescript/3.8/node_modules/@types/flat-cache/index.d.ts'
[23:47:28.180] Adding entry into typings cache: 'flush-write-stream' => '/Users/alex/Library/Caches/typescript/3.8/node_modules/@types/flush-write-stream/index.d.ts'
[23:47:28.184] Adding entry into typings cache: 'follow-redirects' => '/Users/alex/Library/Caches/typescript/3.8/node_modules/@types/follow-redirects/index.d.ts'
[23:47:28.189] Adding entry into typings cache: 'forever-agent' => '/Users/alex/Library/Caches/typescript/3.8/node_modules/@types/forever-agent/index.d.ts'
[23:47:28.191] Adding entry into typings cache: 'formidable' => '/Users/alex/Library/Caches/typescript/3.8/node_modules/@types/formidable/index.d.ts'
[23:47:28.193] Adding entry into typings cache: 'forwarded' => '/Users/alex/Library/Caches/typescript/3.8/node_modules/@types/forwarded/index.d.ts'
[23:47:28.196] Adding entry into typings cache: 'fresh' => '/Users/alex/Library/Caches/typescript/3.8/node_modules/@types/fresh/index.d.ts'
[23:47:28.197] Adding entry into typings cache: 'from2' => '/Users/alex/Library/Caches/typescript/3.8/node_modules/@types/from2/index.d.ts'
[23:47:28.203] Adding entry into typings cache: 'fs-extra' => '/Users/alex/Library/Caches/typescript/3.8/node_modules/@types/fs-extra/index.d.ts'
[23:47:28.206] Adding entry into typings cache: 'fs-readdir-recursive' => '/Users/alex/Library/Caches/typescript/3.8/node_modules/@types/fs-readdir-recursive/index.d.ts'
[23:47:28.208] Adding entry into typings cache: 'function-bind' => '/Users/alex/Library/Caches/typescript/3.8/node_modules/@types/function-bind/ts3.3/index.d.ts'
[23:47:28.210] Adding entry into typings cache: 'get-caller-file' => '/Users/alex/Library/Caches/typescript/3.8/node_modules/@types/get-caller-file/index.d.ts'
[23:47:28.213] Adding entry into typings cache: 'get-value' => '/Users/alex/Library/Caches/typescript/3.8/node_modules/@types/get-value/index.d.ts'
[23:47:28.214] Adding entry into typings cache: 'getpass' => '/Users/alex/Library/Caches/typescript/3.8/node_modules/@types/getpass/index.d.ts'
[23:47:28.216] Adding entry into typings cache: 'glob' => '/Users/alex/Library/Caches/typescript/3.8/node_modules/@types/glob/index.d.ts'
[23:47:28.219] Adding entry into typings cache: 'glob-parent' => '/Users/alex/Library/Caches/typescript/3.8/node_modules/@types/glob-parent/index.d.ts'
[23:47:28.220] Adding entry into typings cache: 'glob-to-regexp' => '/Users/alex/Library/Caches/typescript/3.8/node_modules/@types/glob-to-regexp/index.d.ts'
[23:47:28.222] Adding entry into typings cache: 'global-modules' => '/Users/alex/Library/Caches/typescript/3.8/node_modules/@types/global-modules/index.d.ts'
[23:47:28.224] Adding entry into typings cache: 'global-prefix' => '/Users/alex/Library/Caches/typescript/3.8/node_modules/@types/global-prefix/index.d.ts'
[23:47:28.227] Adding entry into typings cache: 'graceful-fs' => '/Users/alex/Library/Caches/typescript/3.8/node_modules/@types/graceful-fs/index.d.ts'
[23:47:28.229] Adding entry into typings cache: 'gulp' => '/Users/alex/Library/Caches/typescript/3.8/node_modules/@types/gulp/index.d.ts'
[23:47:28.230] Adding entry into typings cache: 'has' => '/Users/alex/Library/Caches/typescript/3.8/node_modules/@types/has/index.d.ts'
[23:47:28.231] Adding entry into typings cache: 'has-ansi' => '/Users/alex/Library/Caches/typescript/3.8/node_modules/@types/has-ansi/index.d.ts'
[23:47:28.232] Adding entry into typings cache: 'has-symbols' => '/Users/alex/Library/Caches/typescript/3.8/node_modules/@types/has-symbols/index.d.ts'
[23:47:28.234] Adding entry into typings cache: 'he' => '/Users/alex/Library/Caches/typescript/3.8/node_modules/@types/he/index.d.ts'
[23:47:28.235] Adding entry into typings cache: 'helmet' => '/Users/alex/Library/Caches/typescript/3.8/node_modules/@types/helmet/index.d.ts'
[23:47:28.236] Adding entry into typings cache: 'hosted-git-info' => '/Users/alex/Library/Caches/typescript/3.8/node_modules/@types/hosted-git-info/index.d.ts'
[23:47:28.237] Adding entry into typings cache: 'html-encoding-sniffer' => '/Users/alex/Library/Caches/typescript/3.8/node_modules/@types/html-encoding-sniffer/index.d.ts'
[23:47:28.238] Adding entry into typings cache: 'html-entities' => '/Users/alex/Library/Caches/typescript/3.8/node_modules/@types/html-entities/index.d.ts'
[23:47:28.240] Adding entry into typings cache: 'html-escaper' => '/Users/alex/Library/Caches/typescript/3.8/node_modules/@types/html-escaper/index.d.ts'
[23:47:28.242] Adding entry into typings cache: 'html-minifier-terser' => '/Users/alex/Library/Caches/typescript/3.8/node_modules/@types/html-minifier-terser/index.d.ts'
[23:47:28.243] Adding entry into typings cache: 'html-webpack-plugin' => '/Users/alex/Library/Caches/typescript/3.8/node_modules/@types/html-webpack-plugin/index.d.ts'
[23:47:28.245] Adding entry into typings cache: 'htmlparser2' => '/Users/alex/Library/Caches/typescript/3.8/node_modules/@types/htmlparser2/index.d.ts'
[23:47:28.247] Adding entry into typings cache: 'http-cache-semantics' => '/Users/alex/Library/Caches/typescript/3.8/node_modules/@types/http-cache-semantics/index.d.ts'
[23:47:28.248] Adding entry into typings cache: 'http-errors' => '/Users/alex/Library/Caches/typescript/3.8/node_modules/@types/http-errors/index.d.ts'
[23:47:28.251] Adding entry into typings cache: 'http-proxy' => '/Users/alex/Library/Caches/typescript/3.8/node_modules/@types/http-proxy/index.d.ts'
[23:47:28.253] Adding entry into typings cache: 'http-proxy-middleware' => '/Users/alex/Library/Caches/typescript/3.8/node_modules/@types/http-proxy-middleware/index.d.ts'
[23:47:28.256] Adding entry into typings cache: 'http-server' => '/Users/alex/Library/Caches/typescript/3.8/node_modules/@types/http-server/index.d.ts'
[23:47:28.257] Adding entry into typings cache: 'hyperscript' => '/Users/alex/Library/Caches/typescript/3.8/node_modules/@types/hyperscript/index.d.ts'
[23:47:28.259] Adding entry into typings cache: 'icss-utils' => '/Users/alex/Library/Caches/typescript/3.8/node_modules/@types/icss-utils/index.d.ts'
[23:47:28.261] Adding entry into typings cache: 'iferr' => '/Users/alex/Library/Caches/typescript/3.8/node_modules/@types/iferr/index.d.ts'
[23:47:28.263] Adding entry into typings cache: 'ignore-walk' => '/Users/alex/Library/Caches/typescript/3.8/node_modules/@types/ignore-walk/index.d.ts'
[23:47:28.264] Adding entry into typings cache: 'imurmurhash' => '/Users/alex/Library/Caches/typescript/3.8/node_modules/@types/imurmurhash/index.d.ts'
[23:47:28.266] Adding entry into typings cache: 'inherits' => '/Users/alex/Library/Caches/typescript/3.8/node_modules/@types/inherits/index.d.ts'
[23:47:28.268] Adding entry into typings cache: 'ini' => '/Users/alex/Library/Caches/typescript/3.8/node_modules/@types/ini/index.d.ts'
[23:47:28.270] Adding entry into typings cache: 'inquirer' => '/Users/alex/Library/Caches/typescript/3.8/node_modules/@types/inquirer/index.d.ts'
[23:47:28.271] Adding entry into typings cache: 'internal-slot' => '/Users/alex/Library/Caches/typescript/3.8/node_modules/@types/internal-slot/index.d.ts'
[23:47:28.272] Adding entry into typings cache: 'invariant' => '/Users/alex/Library/Caches/typescript/3.8/node_modules/@types/invariant/ts3.7/index.d.ts'
[23:47:28.274] Adding entry into typings cache: 'ip' => '/Users/alex/Library/Caches/typescript/3.8/node_modules/@types/ip/index.d.ts'
[23:47:28.276] Adding entry into typings cache: 'is-buffer' => '/Users/alex/Library/Caches/typescript/3.8/node_modules/@types/is-buffer/index.d.ts'
[23:47:28.277] Adding entry into typings cache: 'is-callable' => '/Users/alex/Library/Caches/typescript/3.8/node_modules/@types/is-callable/index.d.ts'
[23:47:28.279] Adding entry into typings cache: 'is-ci' => '/Users/alex/Library/Caches/typescript/3.8/node_modules/@types/is-ci/index.d.ts'
[23:47:28.280] Adding entry into typings cache: 'is-date-object' => '/Users/alex/Library/Caches/typescript/3.8/node_modules/@types/is-date-object/index.d.ts'
[23:47:28.282] Adding entry into typings cache: 'is-finite' => '/Users/alex/Library/Caches/typescript/3.8/node_modules/@types/is-finite/index.d.ts'
[23:47:28.286] Adding entry into typings cache: 'is-glob' => '/Users/alex/Library/Caches/typescript/3.8/node_modules/@types/is-glob/index.d.ts'
[23:47:28.289] Adding entry into typings cache: 'is-number' => '/Users/alex/Library/Caches/typescript/3.8/node_modules/@types/is-number/index.d.ts'
[23:47:28.290] Adding entry into typings cache: 'is-promise' => '/Users/alex/Library/Caches/typescript/3.8/node_modules/@types/is-promise/index.d.ts'
[23:47:28.292] Adding entry into typings cache: 'is-regex' => '/Users/alex/Library/Caches/typescript/3.8/node_modules/@types/is-regex/index.d.ts'
[23:47:28.293] Adding entry into typings cache: 'is-typedarray' => '/Users/alex/Library/Caches/typescript/3.8/node_modules/@types/is-typedarray/index.d.ts'
[23:47:28.295] Adding entry into typings cache: 'is-windows' => '/Users/alex/Library/Caches/typescript/3.8/node_modules/@types/is-windows/index.d.ts'
[23:47:28.298] Adding entry into typings cache: 'isarray' => '/Users/alex/Library/Caches/typescript/3.8/node_modules/@types/isarray/index.d.ts'
[23:47:28.299] Adding entry into typings cache: 'isexe' => '/Users/alex/Library/Caches/typescript/3.8/node_modules/@types/isexe/index.d.ts'
[23:47:28.301] Adding entry into typings cache: 'isstream' => '/Users/alex/Library/Caches/typescript/3.8/node_modules/@types/isstream/index.d.ts'
[23:47:28.302] Adding entry into typings cache: 'istanbul-lib-coverage' => '/Users/alex/Library/Caches/typescript/3.8/node_modules/@types/istanbul-lib-coverage/index.d.ts'
[23:47:28.303] Adding entry into typings cache: 'istanbul-lib-instrument' => '/Users/alex/Library/Caches/typescript/3.8/node_modules/@types/istanbul-lib-instrument/index.d.ts'
[23:47:28.304] Adding entry into typings cache: 'istanbul-lib-report' => '/Users/alex/Library/Caches/typescript/3.8/node_modules/@types/istanbul-lib-report/index.d.ts'
[23:47:28.305] Adding entry into typings cache: 'istanbul-lib-source-maps' => '/Users/alex/Library/Caches/typescript/3.8/node_modules/@types/istanbul-lib-source-maps/index.d.ts'
[23:47:28.307] Adding entry into typings cache: 'istanbul-reports' => '/Users/alex/Library/Caches/typescript/3.8/node_modules/@types/istanbul-reports/index.d.ts'
[23:47:28.308] Adding entry into typings cache: 'jade' => '/Users/alex/Library/Caches/typescript/3.8/node_modules/@types/jade/index.d.ts'
[23:47:28.309] Adding entry into typings cache: 'jasmine' => '/Users/alex/Library/Caches/typescript/3.8/node_modules/@types/jasmine/ts3.1/index.d.ts'
[23:47:28.311] Adding entry into typings cache: 'jest' => '/Users/alex/Library/Caches/typescript/3.8/node_modules/@types/jest/ts3.2/index.d.ts'
[23:47:28.313] Adding entry into typings cache: 'jquery' => '/Users/alex/Library/Caches/typescript/3.8/node_modules/@types/jquery/index.d.ts'
[23:47:28.314] Adding entry into typings cache: 'js-base64' => '/Users/alex/Library/Caches/typescript/3.8/node_modules/@types/js-base64/index.d.ts'
[23:47:28.316] Adding entry into typings cache: 'js-levenshtein' => '/Users/alex/Library/Caches/typescript/3.8/node_modules/@types/js-levenshtein/index.d.ts'
[23:47:28.318] Adding entry into typings cache: 'js-yaml' => '/Users/alex/Library/Caches/typescript/3.8/node_modules/@types/js-yaml/index.d.ts'
[23:47:28.319] Adding entry into typings cache: 'jsbn' => '/Users/alex/Library/Caches/typescript/3.8/node_modules/@types/jsbn/index.d.ts'
[23:47:28.320] Adding entry into typings cache: 'jsdom' => '/Users/alex/Library/Caches/typescript/3.8/node_modules/@types/jsdom/ts3.1/index.d.ts'
[23:47:28.322] Adding entry into typings cache: 'jsesc' => '/Users/alex/Library/Caches/typescript/3.8/node_modules/@types/jsesc/index.d.ts'
[23:47:28.324] Adding entry into typings cache: 'json-parse-better-errors' => '/Users/alex/Library/Caches/typescript/3.8/node_modules/@types/json-parse-better-errors/index.d.ts'
[23:47:28.325] Adding entry into typings cache: 'json-schema' => '/Users/alex/Library/Caches/typescript/3.8/node_modules/@types/json-schema/index.d.ts'
[23:47:28.327] Adding entry into typings cache: 'json-schema-traverse' => '/Users/alex/Library/Caches/typescript/3.8/node_modules/@types/json-schema-traverse/index.d.ts'
[23:47:28.330] Adding entry into typings cache: 'json-server' => '/Users/alex/Library/Caches/typescript/3.8/node_modules/@types/json-server/index.d.ts'
[23:47:28.331] Adding entry into typings cache: 'json-stable-stringify' => '/Users/alex/Library/Caches/typescript/3.8/node_modules/@types/json-stable-stringify/index.d.ts'
[23:47:28.334] Adding entry into typings cache: 'json-stringify-safe' => '/Users/alex/Library/Caches/typescript/3.8/node_modules/@types/json-stringify-safe/index.d.ts'
[23:47:28.337] Adding entry into typings cache: 'json3' => '/Users/alex/Library/Caches/typescript/3.8/node_modules/@types/json3/index.d.ts'
[23:47:28.338] Adding entry into typings cache: 'json5' => '/Users/alex/Library/Caches/typescript/3.8/node_modules/@types/json5/index.d.ts'
[23:47:28.341] Adding entry into typings cache: 'jsonfile' => '/Users/alex/Library/Caches/typescript/3.8/node_modules/@types/jsonfile/index.d.ts'
[23:47:28.342] Adding entry into typings cache: 'jsonwebtoken' => '/Users/alex/Library/Caches/typescript/3.8/node_modules/@types/jsonwebtoken/index.d.ts'
[23:47:28.345] Adding entry into typings cache: 'karma' => '/Users/alex/Library/Caches/typescript/3.8/node_modules/@types/karma/index.d.ts'
[23:47:28.346] Adding entry into typings cache: 'karma-chrome-launcher' => '/Users/alex/Library/Caches/typescript/3.8/node_modules/@types/karma-chrome-launcher/index.d.ts'
[23:47:28.349] Adding entry into typings cache: 'karma-coverage-istanbul-reporter' => '/Users/alex/Library/Caches/typescript/3.8/node_modules/@types/karma-coverage-istanbul-reporter/index.d.ts'
[23:47:28.350] Adding entry into typings cache: 'karma-jasmine' => '/Users/alex/Library/Caches/typescript/3.8/node_modules/@types/karma-jasmine/index.d.ts'
[23:47:28.351] Adding entry into typings cache: 'karma-jasmine-html-reporter' => '/Users/alex/Library/Caches/typescript/3.8/node_modules/@types/karma-jasmine-html-reporter/index.d.ts'
[23:47:28.356] Adding entry into typings cache: 'kind-of' => '/Users/alex/Library/Caches/typescript/3.8/node_modules/@types/kind-of/index.d.ts'
[23:47:28.357] Adding entry into typings cache: 'less' => '/Users/alex/Library/Caches/typescript/3.8/node_modules/@types/less/index.d.ts'
[23:47:28.358] Adding entry into typings cache: 'loader-runner' => '/Users/alex/Library/Caches/typescript/3.8/node_modules/@types/loader-runner/index.d.ts'
[23:47:28.359] Adding entry into typings cache: 'loader-utils' => '/Users/alex/Library/Caches/typescript/3.8/node_modules/@types/loader-utils/index.d.ts'
[23:47:28.366] Adding entry into typings cache: 'lodash' => '/Users/alex/Library/Caches/typescript/3.8/node_modules/@types/lodash/ts3.1/index.d.ts'
[23:47:28.368] Adding entry into typings cache: 'lodash.find' => '/Users/alex/Library/Caches/typescript/3.8/node_modules/@types/lodash.find/index.d.ts'
[23:47:28.369] Adding entry into typings cache: 'lodash.foreach' => '/Users/alex/Library/Caches/typescript/3.8/node_modules/@types/lodash.foreach/index.d.ts'
[23:47:28.371] Adding entry into typings cache: 'lodash.get' => '/Users/alex/Library/Caches/typescript/3.8/node_modules/@types/lodash.get/index.d.ts'
[23:47:28.373] Adding entry into typings cache: 'lodash.last' => '/Users/alex/Library/Caches/typescript/3.8/node_modules/@types/lodash.last/index.d.ts'
[23:47:28.374] Adding entry into typings cache: 'lodash.memoize' => '/Users/alex/Library/Caches/typescript/3.8/node_modules/@types/lodash.memoize/index.d.ts'
[23:47:28.376] Adding entry into typings cache: 'lodash.sortby' => '/Users/alex/Library/Caches/typescript/3.8/node_modules/@types/lodash.sortby/index.d.ts'
[23:47:28.378] Adding entry into typings cache: 'lodash.template' => '/Users/alex/Library/Caches/typescript/3.8/node_modules/@types/lodash.template/index.d.ts'
[23:47:28.381] Adding entry into typings cache: 'lodash.uniq' => '/Users/alex/Library/Caches/typescript/3.8/node_modules/@types/lodash.uniq/index.d.ts'
[23:47:28.382] Adding entry into typings cache: 'logg' => '/Users/alex/Library/Caches/typescript/3.8/node_modules/@types/logg/index.d.ts'
[23:47:28.384] Adding entry into typings cache: 'logger' => '/Users/alex/Library/Caches/typescript/3.8/node_modules/@types/logger/index.d.ts'
[23:47:28.387] Adding entry into typings cache: 'lru-cache' => '/Users/alex/Library/Caches/typescript/3.8/node_modules/@types/lru-cache/index.d.ts'
[23:47:28.389] Adding entry into typings cache: 'media-typer' => '/Users/alex/Library/Caches/typescript/3.8/node_modules/@types/media-typer/index.d.ts'
[23:47:28.390] Adding entry into typings cache: 'memory-fs' => '/Users/alex/Library/Caches/typescript/3.8/node_modules/@types/memory-fs/index.d.ts'
[23:47:28.392] Adding entry into typings cache: 'memory-pager' => '/Users/alex/Library/Caches/typescript/3.8/node_modules/@types/memory-pager/index.d.ts'
[23:47:28.393] Adding entry into typings cache: 'merge-descriptors' => '/Users/alex/Library/Caches/typescript/3.8/node_modules/@types/merge-descriptors/index.d.ts'
[23:47:28.394] Adding entry into typings cache: 'merge-stream' => '/Users/alex/Library/Caches/typescript/3.8/node_modules/@types/merge-stream/index.d.ts'
[23:47:28.395] Adding entry into typings cache: 'merge2' => '/Users/alex/Library/Caches/typescript/3.8/node_modules/@types/merge2/index.d.ts'
[23:47:28.396] Adding entry into typings cache: 'methods' => '/Users/alex/Library/Caches/typescript/3.8/node_modules/@types/methods/index.d.ts'
[23:47:28.398] Adding entry into typings cache: 'micromatch' => '/Users/alex/Library/Caches/typescript/3.8/node_modules/@types/micromatch/index.d.ts'
[23:47:28.399] Adding entry into typings cache: 'mime' => '/Users/alex/Library/Caches/typescript/3.8/node_modules/@types/mime/index.d.ts'
[23:47:28.402] Adding entry into typings cache: 'mime-db' => '/Users/alex/Library/Caches/typescript/3.8/node_modules/@types/mime-db/index.d.ts'
[23:47:28.404] Adding entry into typings cache: 'mime-types' => '/Users/alex/Library/Caches/typescript/3.8/node_modules/@types/mime-types/index.d.ts'
[23:47:28.406] Adding entry into typings cache: 'min-indent' => '/Users/alex/Library/Caches/typescript/3.8/node_modules/@types/min-indent/index.d.ts'
[23:47:28.407] Adding entry into typings cache: 'mini-css-extract-plugin' => '/Users/alex/Library/Caches/typescript/3.8/node_modules/@types/mini-css-extract-plugin/index.d.ts'
[23:47:28.409] Adding entry into typings cache: 'minimalistic-assert' => '/Users/alex/Library/Caches/typescript/3.8/node_modules/@types/minimalistic-assert/index.d.ts'
[23:47:28.410] Adding entry into typings cache: 'minimatch' => '/Users/alex/Library/Caches/typescript/3.8/node_modules/@types/minimatch/index.d.ts'
[23:47:28.411] Adding entry into typings cache: 'minimist' => '/Users/alex/Library/Caches/typescript/3.8/node_modules/@types/minimist/index.d.ts'
[23:47:28.412] Adding entry into typings cache: 'minipass' => '/Users/alex/Library/Caches/typescript/3.8/node_modules/@types/minipass/index.d.ts'
[23:47:28.413] Adding entry into typings cache: 'mkdirp' => '/Users/alex/Library/Caches/typescript/3.8/node_modules/@types/mkdirp/index.d.ts'
[23:47:28.414] Adding entry into typings cache: 'mocha' => '/Users/alex/Library/Caches/typescript/3.8/node_modules/@types/mocha/index.d.ts'
[23:47:28.416] Adding entry into typings cache: 'mongodb' => '/Users/alex/Library/Caches/typescript/3.8/node_modules/@types/mongodb/index.d.ts'
[23:47:28.418] Adding entry into typings cache: 'mongoose' => '/Users/alex/Library/Caches/typescript/3.8/node_modules/@types/mongoose/index.d.ts'
[23:47:28.420] Adding entry into typings cache: 'mongoose-unique-validator' => '/Users/alex/Library/Caches/typescript/3.8/node_modules/@types/mongoose-unique-validator/index.d.ts'
[23:47:28.422] Adding entry into typings cache: 'morgan' => '/Users/alex/Library/Caches/typescript/3.8/node_modules/@types/morgan/index.d.ts'
[23:47:28.424] Adding entry into typings cache: 'move-concurrently' => '/Users/alex/Library/Caches/typescript/3.8/node_modules/@types/move-concurrently/index.d.ts'
[23:47:28.426] Adding entry into typings cache: 'ms' => '/Users/alex/Library/Caches/typescript/3.8/node_modules/@types/ms/index.d.ts'
[23:47:28.428] Adding entry into typings cache: 'multer' => '/Users/alex/Library/Caches/typescript/3.8/node_modules/@types/multer/index.d.ts'
[23:47:28.429] Adding entry into typings cache: 'natural-compare' => '/Users/alex/Library/Caches/typescript/3.8/node_modules/@types/natural-compare/index.d.ts'
[23:47:28.431] Adding entry into typings cache: 'needle' => '/Users/alex/Library/Caches/typescript/3.8/node_modules/@types/needle/index.d.ts'
[23:47:28.432] Adding entry into typings cache: 'negotiator' => '/Users/alex/Library/Caches/typescript/3.8/node_modules/@types/negotiator/index.d.ts'
[23:47:28.433] Adding entry into typings cache: 'next-tick' => '/Users/alex/Library/Caches/typescript/3.8/node_modules/@types/next-tick/index.d.ts'
[23:47:28.434] Adding entry into typings cache: 'nice-try' => '/Users/alex/Library/Caches/typescript/3.8/node_modules/@types/nice-try/index.d.ts'
[23:47:28.436] Adding entry into typings cache: 'node-fetch' => '/Users/alex/Library/Caches/typescript/3.8/node_modules/@types/node-fetch/index.d.ts'
[23:47:28.437] Adding entry into typings cache: 'node-forge' => '/Users/alex/Library/Caches/typescript/3.8/node_modules/@types/node-forge/index.d.ts'
[23:47:28.438] Adding entry into typings cache: 'node-int64' => '/Users/alex/Library/Caches/typescript/3.8/node_modules/@types/node-int64/index.d.ts'
[23:47:28.439] Adding entry into typings cache: 'node-notifier' => '/Users/alex/Library/Caches/typescript/3.8/node_modules/@types/node-notifier/index.d.ts'
[23:47:28.441] Adding entry into typings cache: 'node-sass-middleware' => '/Users/alex/Library/Caches/typescript/3.8/node_modules/@types/node-sass-middleware/index.d.ts'
[23:47:28.443] Adding entry into typings cache: 'nodemon' => '/Users/alex/Library/Caches/typescript/3.8/node_modules/@types/nodemon/index.d.ts'
[23:47:28.444] Adding entry into typings cache: 'nopt' => '/Users/alex/Library/Caches/typescript/3.8/node_modules/@types/nopt/index.d.ts'
[23:47:28.445] Adding entry into typings cache: 'normalize-package-data' => '/Users/alex/Library/Caches/typescript/3.8/node_modules/@types/normalize-package-data/index.d.ts'
[23:47:28.448] Adding entry into typings cache: 'normalize-path' => '/Users/alex/Library/Caches/typescript/3.8/node_modules/@types/normalize-path/index.d.ts'
[23:47:28.449] Adding entry into typings cache: 'npm-packlist' => '/Users/alex/Library/Caches/typescript/3.8/node_modules/@types/npm-packlist/index.d.ts'
[23:47:28.450] Adding entry into typings cache: 'num2fraction' => '/Users/alex/Library/Caches/typescript/3.8/node_modules/@types/num2fraction/index.d.ts'
[23:47:28.452] Adding entry into typings cache: 'number-is-nan' => '/Users/alex/Library/Caches/typescript/3.8/node_modules/@types/number-is-nan/index.d.ts'
[23:47:28.453] Adding entry into typings cache: 'object-assign' => '/Users/alex/Library/Caches/typescript/3.8/node_modules/@types/object-assign/index.d.ts'
[23:47:28.454] Adding entry into typings cache: 'object-hash' => '/Users/alex/Library/Caches/typescript/3.8/node_modules/@types/object-hash/index.d.ts'
[23:47:28.455] Adding entry into typings cache: 'object-inspect' => '/Users/alex/Library/Caches/typescript/3.8/node_modules/@types/object-inspect/index.d.ts'
[23:47:28.457] Adding entry into typings cache: 'object-keys' => '/Users/alex/Library/Caches/typescript/3.8/node_modules/@types/object-keys/index.d.ts'
[23:47:28.458] Adding entry into typings cache: 'object-path' => '/Users/alex/Library/Caches/typescript/3.8/node_modules/@types/object-path/index.d.ts'
[23:47:28.460] Adding entry into typings cache: 'object.getownpropertydescriptors' => '/Users/alex/Library/Caches/typescript/3.8/node_modules/@types/object.getownpropertydescriptors/index.d.ts'
[23:47:28.463] Adding entry into typings cache: 'object.pick' => '/Users/alex/Library/Caches/typescript/3.8/node_modules/@types/object.pick/index.d.ts'
[23:47:28.464] Adding entry into typings cache: 'on-finished' => '/Users/alex/Library/Caches/typescript/3.8/node_modules/@types/on-finished/index.d.ts'
[23:47:28.465] Adding entry into typings cache: 'on-headers' => '/Users/alex/Library/Caches/typescript/3.8/node_modules/@types/on-headers/index.d.ts'
[23:47:28.466] Adding entry into typings cache: 'once' => '/Users/alex/Library/Caches/typescript/3.8/node_modules/@types/once/index.d.ts'
[23:47:28.468] Adding entry into typings cache: 'optimize-css-assets-webpack-plugin' => '/Users/alex/Library/Caches/typescript/3.8/node_modules/@types/optimize-css-assets-webpack-plugin/index.d.ts'
[23:47:28.470] Adding entry into typings cache: 'original' => '/Users/alex/Library/Caches/typescript/3.8/node_modules/@types/original/index.d.ts'
[23:47:28.472] Adding entry into typings cache: 'os-homedir' => '/Users/alex/Library/Caches/typescript/3.8/node_modules/@types/os-homedir/index.d.ts'
[23:47:28.473] Adding entry into typings cache: 'os-tmpdir' => '/Users/alex/Library/Caches/typescript/3.8/node_modules/@types/os-tmpdir/index.d.ts'
[23:47:28.475] Adding entry into typings cache: 'osenv' => '/Users/alex/Library/Caches/typescript/3.8/node_modules/@types/osenv/index.d.ts'
[23:47:28.476] Adding entry into typings cache: 'pako' => '/Users/alex/Library/Caches/typescript/3.8/node_modules/@types/pako/index.d.ts'
[23:47:28.477] Adding entry into typings cache: 'parallel-transform' => '/Users/alex/Library/Caches/typescript/3.8/node_modules/@types/parallel-transform/index.d.ts'
[23:47:28.479] Adding entry into typings cache: 'parse-json' => '/Users/alex/Library/Caches/typescript/3.8/node_modules/@types/parse-json/index.d.ts'
[23:47:28.481] Adding entry into typings cache: 'parse5' => '/Users/alex/Library/Caches/typescript/3.8/node_modules/@types/parse5/index.d.ts'
[23:47:28.482] Adding entry into typings cache: 'parseurl' => '/Users/alex/Library/Caches/typescript/3.8/node_modules/@types/parseurl/index.d.ts'
[23:47:28.484] Adding entry into typings cache: 'pascalcase' => '/Users/alex/Library/Caches/typescript/3.8/node_modules/@types/pascalcase/index.d.ts'
[23:47:28.485] Adding entry into typings cache: 'passport' => '/Users/alex/Library/Caches/typescript/3.8/node_modules/@types/passport/index.d.ts'
[23:47:28.487] Adding entry into typings cache: 'passport-jwt' => '/Users/alex/Library/Caches/typescript/3.8/node_modules/@types/passport-jwt/index.d.ts'
[23:47:28.488] Adding entry into typings cache: 'passport-local' => '/Users/alex/Library/Caches/typescript/3.8/node_modules/@types/passport-local/index.d.ts'
[23:47:28.490] Adding entry into typings cache: 'path-is-absolute' => '/Users/alex/Library/Caches/typescript/3.8/node_modules/@types/path-is-absolute/index.d.ts'
[23:47:28.491] Adding entry into typings cache: 'path-is-inside' => '/Users/alex/Library/Caches/typescript/3.8/node_modules/@types/path-is-inside/index.d.ts'
[23:47:28.492] Adding entry into typings cache: 'path-parse' => '/Users/alex/Library/Caches/typescript/3.8/node_modules/@types/path-parse/index.d.ts'
[23:47:28.493] Adding entry into typings cache: 'pbkdf2' => '/Users/alex/Library/Caches/typescript/3.8/node_modules/@types/pbkdf2/index.d.ts'
[23:47:28.494] Adding entry into typings cache: 'picomatch' => '/Users/alex/Library/Caches/typescript/3.8/node_modules/@types/picomatch/index.d.ts'
[23:47:28.495] Adding entry into typings cache: 'pify' => '/Users/alex/Library/Caches/typescript/3.8/node_modules/@types/pify/index.d.ts'
[23:47:28.497] Adding entry into typings cache: 'pnpapi' => '/Users/alex/Library/Caches/typescript/3.8/node_modules/@types/pnpapi/index.d.ts'
[23:47:28.498] Adding entry into typings cache: 'postcss-calc' => '/Users/alex/Library/Caches/typescript/3.8/node_modules/@types/postcss-calc/index.d.ts'
[23:47:28.499] Adding entry into typings cache: 'postcss-custom-properties' => '/Users/alex/Library/Caches/typescript/3.8/node_modules/@types/postcss-custom-properties/index.d.ts'
[23:47:28.501] Adding entry into typings cache: 'postcss-flexbugs-fixes' => '/Users/alex/Library/Caches/typescript/3.8/node_modules/@types/postcss-flexbugs-fixes/index.d.ts'
[23:47:28.502] Adding entry into typings cache: 'postcss-import' => '/Users/alex/Library/Caches/typescript/3.8/node_modules/@types/postcss-import/index.d.ts'
[23:47:28.503] Adding entry into typings cache: 'postcss-load-config' => '/Users/alex/Library/Caches/typescript/3.8/node_modules/@types/postcss-load-config/index.d.ts'
[23:47:28.504] Adding entry into typings cache: 'postcss-modules-extract-imports' => '/Users/alex/Library/Caches/typescript/3.8/node_modules/@types/postcss-modules-extract-imports/index.d.ts'
[23:47:28.505] Adding entry into typings cache: 'postcss-modules-local-by-default' => '/Users/alex/Library/Caches/typescript/3.8/node_modules/@types/postcss-modules-local-by-default/index.d.ts'
[23:47:28.507] Adding entry into typings cache: 'postcss-modules-scope' => '/Users/alex/Library/Caches/typescript/3.8/node_modules/@types/postcss-modules-scope/index.d.ts'
[23:47:28.508] Adding entry into typings cache: 'postcss-modules-values' => '/Users/alex/Library/Caches/typescript/3.8/node_modules/@types/postcss-modules-values/index.d.ts'
[23:47:28.510] Adding entry into typings cache: 'postcss-safe-parser' => '/Users/alex/Library/Caches/typescript/3.8/node_modules/@types/postcss-safe-parser/index.d.ts'
[23:47:28.511] Adding entry into typings cache: 'prelude-ls' => '/Users/alex/Library/Caches/typescript/3.8/node_modules/@types/prelude-ls/index.d.ts'
[23:47:28.513] Adding entry into typings cache: 'progress' => '/Users/alex/Library/Caches/typescript/3.8/node_modules/@types/progress/index.d.ts'
[23:47:28.514] Adding entry into typings cache: 'promise-inflight' => '/Users/alex/Library/Caches/typescript/3.8/node_modules/@types/promise-inflight/index.d.ts'
[23:47:28.515] Adding entry into typings cache: 'prompts' => '/Users/alex/Library/Caches/typescript/3.8/node_modules/@types/prompts/index.d.ts'
[23:47:28.516] Adding entry into typings cache: 'prop-types' => '/Users/alex/Library/Caches/typescript/3.8/node_modules/@types/prop-types/index.d.ts'
[23:47:28.517] Adding entry into typings cache: 'proxy-addr' => '/Users/alex/Library/Caches/typescript/3.8/node_modules/@types/proxy-addr/index.d.ts'
[23:47:28.519] Adding entry into typings cache: 'psl' => '/Users/alex/Library/Caches/typescript/3.8/node_modules/@types/psl/index.d.ts'
[23:47:28.521] Adding entry into typings cache: 'pug' => '/Users/alex/Library/Caches/typescript/3.8/node_modules/@types/pug/index.d.ts'
[23:47:28.522] Adding entry into typings cache: 'pump' => '/Users/alex/Library/Caches/typescript/3.8/node_modules/@types/pump/index.d.ts'
[23:47:28.524] Adding entry into typings cache: 'pumpify' => '/Users/alex/Library/Caches/typescript/3.8/node_modules/@types/pumpify/index.d.ts'
[23:47:28.526] Adding entry into typings cache: 'punycode' => '/Users/alex/Library/Caches/typescript/3.8/node_modules/@types/punycode/index.d.ts'
[23:47:28.527] Adding entry into typings cache: 'q' => '/Users/alex/Library/Caches/typescript/3.8/node_modules/@types/q/index.d.ts'
[23:47:28.529] Adding entry into typings cache: 'qs' => '/Users/alex/Library/Caches/typescript/3.8/node_modules/@types/qs/index.d.ts'
[23:47:28.530] Adding entry into typings cache: 'querystringify' => '/Users/alex/Library/Caches/typescript/3.8/node_modules/@types/querystringify/index.d.ts'
[23:47:28.532] Adding entry into typings cache: 'raf' => '/Users/alex/Library/Caches/typescript/3.8/node_modules/@types/raf/index.d.ts'
[23:47:28.533] Adding entry into typings cache: 'randombytes' => '/Users/alex/Library/Caches/typescript/3.8/node_modules/@types/randombytes/index.d.ts'
[23:47:28.534] Adding entry into typings cache: 'range-parser' => '/Users/alex/Library/Caches/typescript/3.8/node_modules/@types/range-parser/index.d.ts'
[23:47:28.535] Adding entry into typings cache: 'react' => '/Users/alex/Library/Caches/typescript/3.8/node_modules/@types/react/index.d.ts'
[23:47:28.537] Adding entry into typings cache: 'react-dev-utils' => '/Users/alex/Library/Caches/typescript/3.8/node_modules/@types/react-dev-utils/index.d.ts'
[23:47:28.538] Adding entry into typings cache: 'react-dom' => '/Users/alex/Library/Caches/typescript/3.8/node_modules/@types/react-dom/index.d.ts'
[23:47:28.541] Adding entry into typings cache: 'react-is' => '/Users/alex/Library/Caches/typescript/3.8/node_modules/@types/react-is/index.d.ts'
[23:47:28.543] Adding entry into typings cache: 'react-modal' => '/Users/alex/Library/Caches/typescript/3.8/node_modules/@types/react-modal/index.d.ts'
[23:47:28.544] Adding entry into typings cache: 'react-redux' => '/Users/alex/Library/Caches/typescript/3.8/node_modules/@types/react-redux/index.d.ts'
[23:47:28.546] Adding entry into typings cache: 'react-router-dom' => '/Users/alex/Library/Caches/typescript/3.8/node_modules/@types/react-router-dom/index.d.ts'
[23:47:28.550] Adding entry into typings cache: 'readable-stream' => '/Users/alex/Library/Caches/typescript/3.8/node_modules/@types/readable-stream/index.d.ts'
[23:47:28.551] Adding entry into typings cache: 'recursive-readdir' => '/Users/alex/Library/Caches/typescript/3.8/node_modules/@types/recursive-readdir/index.d.ts'
[23:47:28.555] Adding entry into typings cache: 'redux-mock-store' => '/Users/alex/Library/Caches/typescript/3.8/node_modules/@types/redux-mock-store/index.d.ts'
[23:47:28.557] Adding entry into typings cache: 'ref' => '/Users/alex/Library/Caches/typescript/3.8/node_modules/@types/ref/index.d.ts'
[23:47:28.558] Adding entry into typings cache: 'relateurl' => '/Users/alex/Library/Caches/typescript/3.8/node_modules/@types/relateurl/index.d.ts'
[23:47:28.561] Adding entry into typings cache: 'repeat-element' => '/Users/alex/Library/Caches/typescript/3.8/node_modules/@types/repeat-element/index.d.ts'
[23:47:28.565] Adding entry into typings cache: 'repeat-string' => '/Users/alex/Library/Caches/typescript/3.8/node_modules/@types/repeat-string/index.d.ts'
[23:47:28.566] Adding entry into typings cache: 'request' => '/Users/alex/Library/Caches/typescript/3.8/node_modules/@types/request/index.d.ts'
[23:47:28.569] Adding entry into typings cache: 'request-promise-native' => '/Users/alex/Library/Caches/typescript/3.8/node_modules/@types/request-promise-native/index.d.ts'
[23:47:28.570] Adding entry into typings cache: 'require-directory' => '/Users/alex/Library/Caches/typescript/3.8/node_modules/@types/require-directory/index.d.ts'
[23:47:28.572] Adding entry into typings cache: 'requires-port' => '/Users/alex/Library/Caches/typescript/3.8/node_modules/@types/requires-port/index.d.ts'
[23:47:28.574] Adding entry into typings cache: 'resolve' => '/Users/alex/Library/Caches/typescript/3.8/node_modules/@types/resolve/index.d.ts'
[23:47:28.575] Adding entry into typings cache: 'responselike' => '/Users/alex/Library/Caches/typescript/3.8/node_modules/@types/responselike/index.d.ts'
[23:47:28.577] Adding entry into typings cache: 'retry' => '/Users/alex/Library/Caches/typescript/3.8/node_modules/@types/retry/index.d.ts'
[23:47:28.578] Adding entry into typings cache: 'rimraf' => '/Users/alex/Library/Caches/typescript/3.8/node_modules/@types/rimraf/index.d.ts'
[23:47:28.581] Adding entry into typings cache: 'ripemd160' => '/Users/alex/Library/Caches/typescript/3.8/node_modules/@types/ripemd160/index.d.ts'
[23:47:28.583] Adding entry into typings cache: 'rsvp' => '/Users/alex/Library/Caches/typescript/3.8/node_modules/@types/rsvp/index.d.ts'
[23:47:28.585] Adding entry into typings cache: 'safe-regex' => '/Users/alex/Library/Caches/typescript/3.8/node_modules/@types/safe-regex/index.d.ts'
[23:47:28.587] Adding entry into typings cache: 'safer-buffer' => '/Users/alex/Library/Caches/typescript/3.8/node_modules/@types/safer-buffer/index.d.ts'
[23:47:28.588] Adding entry into typings cache: 'sane' => '/Users/alex/Library/Caches/typescript/3.8/node_modules/@types/sane/index.d.ts'
[23:47:28.590] Adding entry into typings cache: 'sass' => '/Users/alex/Library/Caches/typescript/3.8/node_modules/@types/sass/index.d.ts'
[23:47:28.591] Adding entry into typings cache: 'sass-loader' => '/Users/alex/Library/Caches/typescript/3.8/node_modules/@types/sass-loader/index.d.ts'
[23:47:28.592] Adding entry into typings cache: 'sax' => '/Users/alex/Library/Caches/typescript/3.8/node_modules/@types/sax/index.d.ts'
[23:47:28.594] Adding entry into typings cache: 'scheduler' => '/Users/alex/Library/Caches/typescript/3.8/node_modules/@types/scheduler/index.d.ts'
[23:47:28.595] Adding entry into typings cache: 'semver' => '/Users/alex/Library/Caches/typescript/3.8/node_modules/@types/semver/index.d.ts'
[23:47:28.596] Adding entry into typings cache: 'send' => '/Users/alex/Library/Caches/typescript/3.8/node_modules/@types/send/index.d.ts'
[23:47:28.597] Adding entry into typings cache: 'serialize-javascript' => '/Users/alex/Library/Caches/typescript/3.8/node_modules/@types/serialize-javascript/index.d.ts'
[23:47:28.599] Adding entry into typings cache: 'serve-index' => '/Users/alex/Library/Caches/typescript/3.8/node_modules/@types/serve-index/index.d.ts'
[23:47:28.601] Adding entry into typings cache: 'serve-static' => '/Users/alex/Library/Caches/typescript/3.8/node_modules/@types/serve-static/index.d.ts'
[23:47:28.604] Adding entry into typings cache: 'set-value' => '/Users/alex/Library/Caches/typescript/3.8/node_modules/@types/set-value/index.d.ts'
[23:47:28.605] Adding entry into typings cache: 'setimmediate' => '/Users/alex/Library/Caches/typescript/3.8/node_modules/@types/setimmediate/ts3.1/index.d.ts'
[23:47:28.607] Adding entry into typings cache: 'sha.js' => '/Users/alex/Library/Caches/typescript/3.8/node_modules/@types/sha.js/index.d.ts'
[23:47:28.609] Adding entry into typings cache: 'shebang-command' => '/Users/alex/Library/Caches/typescript/3.8/node_modules/@types/shebang-command/index.d.ts'
[23:47:28.610] Adding entry into typings cache: 'shell-quote' => '/Users/alex/Library/Caches/typescript/3.8/node_modules/@types/shell-quote/index.d.ts'
[23:47:28.612] Adding entry into typings cache: 'signal-exit' => '/Users/alex/Library/Caches/typescript/3.8/node_modules/@types/signal-exit/index.d.ts'
[23:47:28.613] Adding entry into typings cache: 'slice-ansi' => '/Users/alex/Library/Caches/typescript/3.8/node_modules/@types/slice-ansi/index.d.ts'
[23:47:28.614] Adding entry into typings cache: 'sockjs' => '/Users/alex/Library/Caches/typescript/3.8/node_modules/@types/sockjs/index.d.ts'
[23:47:28.616] Adding entry into typings cache: 'sockjs-client' => '/Users/alex/Library/Caches/typescript/3.8/node_modules/@types/sockjs-client/index.d.ts'
[23:47:28.618] Adding entry into typings cache: 'sortablejs' => '/Users/alex/Library/Caches/typescript/3.8/node_modules/@types/sortablejs/index.d.ts'
[23:47:28.619] Adding entry into typings cache: 'source-list-map' => '/Users/alex/Library/Caches/typescript/3.8/node_modules/@types/source-list-map/index.d.ts'
[23:47:28.621] Adding entry into typings cache: 'source-map-support' => '/Users/alex/Library/Caches/typescript/3.8/node_modules/@types/source-map-support/index.d.ts'
[23:47:28.622] Adding entry into typings cache: 'spdx-correct' => '/Users/alex/Library/Caches/typescript/3.8/node_modules/@types/spdx-correct/index.d.ts'
[23:47:28.623] Adding entry into typings cache: 'spdy' => '/Users/alex/Library/Caches/typescript/3.8/node_modules/@types/spdy/index.d.ts'
[23:47:28.624] Adding entry into typings cache: 'sprintf' => '/Users/alex/Library/Caches/typescript/3.8/node_modules/@types/sprintf/index.d.ts'
[23:47:28.626] Adding entry into typings cache: 'sprintf-js' => '/Users/alex/Library/Caches/typescript/3.8/node_modules/@types/sprintf-js/index.d.ts'
[23:47:28.627] Adding entry into typings cache: 'sshpk' => '/Users/alex/Library/Caches/typescript/3.8/node_modules/@types/sshpk/index.d.ts'
[23:47:28.628] Adding entry into typings cache: 'ssri' => '/Users/alex/Library/Caches/typescript/3.8/node_modules/@types/ssri/index.d.ts'
[23:47:28.630] Adding entry into typings cache: 'stack-utils' => '/Users/alex/Library/Caches/typescript/3.8/node_modules/@types/stack-utils/index.d.ts'
[23:47:28.632] Adding entry into typings cache: 'statuses' => '/Users/alex/Library/Caches/typescript/3.8/node_modules/@types/statuses/index.d.ts'
[23:47:28.633] Adding entry into typings cache: 'stream-each' => '/Users/alex/Library/Caches/typescript/3.8/node_modules/@types/stream-each/index.d.ts'
[23:47:28.634] Adding entry into typings cache: 'stream-shift' => '/Users/alex/Library/Caches/typescript/3.8/node_modules/@types/stream-shift/index.d.ts'
[23:47:28.635] Adding entry into typings cache: 'strict-uri-encode' => '/Users/alex/Library/Caches/typescript/3.8/node_modules/@types/strict-uri-encode/index.d.ts'
[23:47:28.636] Adding entry into typings cache: 'string-hash' => '/Users/alex/Library/Caches/typescript/3.8/node_modules/@types/string-hash/index.d.ts'
[23:47:28.637] Adding entry into typings cache: 'stringify-object' => '/Users/alex/Library/Caches/typescript/3.8/node_modules/@types/stringify-object/index.d.ts'
[23:47:28.639] Adding entry into typings cache: 'styled-jsx' => '/Users/alex/Library/Caches/typescript/3.8/node_modules/@types/styled-jsx/index.d.ts'
[23:47:28.641] Adding entry into typings cache: 'supertest' => '/Users/alex/Library/Caches/typescript/3.8/node_modules/@types/supertest/index.d.ts'
[23:47:28.642] Adding entry into typings cache: 'supports-color' => '/Users/alex/Library/Caches/typescript/3.8/node_modules/@types/supports-color/index.d.ts'
[23:47:28.644] Adding entry into typings cache: 'svg-parser' => '/Users/alex/Library/Caches/typescript/3.8/node_modules/@types/svg-parser/index.d.ts'
[23:47:28.645] Adding entry into typings cache: 'svgo' => '/Users/alex/Library/Caches/typescript/3.8/node_modules/@types/svgo/index.d.ts'
[23:47:28.647] Adding entry into typings cache: 'symbol-tree' => '/Users/alex/Library/Caches/typescript/3.8/node_modules/@types/symbol-tree/index.d.ts'
[23:47:28.648] Adding entry into typings cache: 'table' => '/Users/alex/Library/Caches/typescript/3.8/node_modules/@types/table/index.d.ts'
[23:47:28.649] Adding entry into typings cache: 'tapable' => '/Users/alex/Library/Caches/typescript/3.8/node_modules/@types/tapable/index.d.ts'
[23:47:28.650] Adding entry into typings cache: 'terser-webpack-plugin' => '/Users/alex/Library/Caches/typescript/3.8/node_modules/@types/terser-webpack-plugin/index.d.ts'
[23:47:28.652] Adding entry into typings cache: 'testing-library__jest-dom' => '/Users/alex/Library/Caches/typescript/3.8/node_modules/@types/testing-library__jest-dom/index.d.ts'
[23:47:28.653] Adding entry into typings cache: 'testing-library__react' => '/Users/alex/Library/Caches/typescript/3.8/node_modules/@types/testing-library__react/index.d.ts'
[23:47:28.654] Adding entry into typings cache: 'testing-library__user-event' => '/Users/alex/Library/Caches/typescript/3.8/node_modules/@types/testing-library__user-event/index.d.ts'
[23:47:28.656] Adding entry into typings cache: 'text-table' => '/Users/alex/Library/Caches/typescript/3.8/node_modules/@types/text-table/index.d.ts'
[23:47:28.657] Adding entry into typings cache: 'through' => '/Users/alex/Library/Caches/typescript/3.8/node_modules/@types/through/index.d.ts'
[23:47:28.658] Adding entry into typings cache: 'through2' => '/Users/alex/Library/Caches/typescript/3.8/node_modules/@types/through2/index.d.ts'
[23:47:28.660] Adding entry into typings cache: 'timsort' => '/Users/alex/Library/Caches/typescript/3.8/node_modules/@types/timsort/index.d.ts'
[23:47:28.661] Adding entry into typings cache: 'tmp' => '/Users/alex/Library/Caches/typescript/3.8/node_modules/@types/tmp/index.d.ts'
[23:47:28.663] Adding entry into typings cache: 'tough-cookie' => '/Users/alex/Library/Caches/typescript/3.8/node_modules/@types/tough-cookie/index.d.ts'
[23:47:28.664] Adding entry into typings cache: 'traverse' => '/Users/alex/Library/Caches/typescript/3.8/node_modules/@types/traverse/index.d.ts'
[23:47:28.665] Adding entry into typings cache: 'tryer' => '/Users/alex/Library/Caches/typescript/3.8/node_modules/@types/tryer/index.d.ts'
[23:47:28.666] Adding entry into typings cache: 'type-check' => '/Users/alex/Library/Caches/typescript/3.8/node_modules/@types/type-check/index.d.ts'
[23:47:28.668] Adding entry into typings cache: 'type-is' => '/Users/alex/Library/Caches/typescript/3.8/node_modules/@types/type-is/index.d.ts'
[23:47:28.670] Adding entry into typings cache: 'ua-parser-js' => '/Users/alex/Library/Caches/typescript/3.8/node_modules/@types/ua-parser-js/index.d.ts'
[23:47:28.671] Adding entry into typings cache: 'uniq' => '/Users/alex/Library/Caches/typescript/3.8/node_modules/@types/uniq/index.d.ts'
[23:47:28.674] Adding entry into typings cache: 'universalify' => '/Users/alex/Library/Caches/typescript/3.8/node_modules/@types/universalify/index.d.ts'
[23:47:28.677] Adding entry into typings cache: 'urix' => '/Users/alex/Library/Caches/typescript/3.8/node_modules/@types/urix/index.d.ts'
[23:47:28.679] Adding entry into typings cache: 'url-join' => '/Users/alex/Library/Caches/typescript/3.8/node_modules/@types/url-join/index.d.ts'
[23:47:28.681] Adding entry into typings cache: 'url-parse' => '/Users/alex/Library/Caches/typescript/3.8/node_modules/@types/url-parse/index.d.ts'
[23:47:28.682] Adding entry into typings cache: 'use-subscription' => '/Users/alex/Library/Caches/typescript/3.8/node_modules/@types/use-subscription/index.d.ts'
[23:47:28.684] Adding entry into typings cache: 'util-deprecate' => '/Users/alex/Library/Caches/typescript/3.8/node_modules/@types/util-deprecate/index.d.ts'
[23:47:28.686] Adding entry into typings cache: 'util.promisify' => '/Users/alex/Library/Caches/typescript/3.8/node_modules/@types/util.promisify/index.d.ts'
[23:47:28.687] Adding entry into typings cache: 'utils-merge' => '/Users/alex/Library/Caches/typescript/3.8/node_modules/@types/utils-merge/index.d.ts'
[23:47:28.689] Adding entry into typings cache: 'uuid' => '/Users/alex/Library/Caches/typescript/3.8/node_modules/@types/uuid/index.d.ts'
[23:47:28.690] Adding entry into typings cache: 'vary' => '/Users/alex/Library/Caches/typescript/3.8/node_modules/@types/vary/index.d.ts'
[23:47:28.691] Adding entry into typings cache: 'verror' => '/Users/alex/Library/Caches/typescript/3.8/node_modules/@types/verror/index.d.ts'
[23:47:28.692] Adding entry into typings cache: 'w3c-xmlserializer' => '/Users/alex/Library/Caches/typescript/3.8/node_modules/@types/w3c-xmlserializer/index.d.ts'
[23:47:28.694] Adding entry into typings cache: 'watchpack' => '/Users/alex/Library/Caches/typescript/3.8/node_modules/@types/watchpack/index.d.ts'
[23:47:28.695] Adding entry into typings cache: 'webidl-conversions' => '/Users/alex/Library/Caches/typescript/3.8/node_modules/@types/webidl-conversions/index.d.ts'
[23:47:28.696] Adding entry into typings cache: 'webpack' => '/Users/alex/Library/Caches/typescript/3.8/node_modules/@types/webpack/index.d.ts'
[23:47:28.698] Adding entry into typings cache: 'webpack-dev-middleware' => '/Users/alex/Library/Caches/typescript/3.8/node_modules/@types/webpack-dev-middleware/index.d.ts'
[23:47:28.699] Adding entry into typings cache: 'webpack-dev-server' => '/Users/alex/Library/Caches/typescript/3.8/node_modules/@types/webpack-dev-server/index.d.ts'
[23:47:28.701] Adding entry into typings cache: 'webpack-manifest-plugin' => '/Users/alex/Library/Caches/typescript/3.8/node_modules/@types/webpack-manifest-plugin/index.d.ts'
[23:47:28.702] Adding entry into typings cache: 'webpack-sources' => '/Users/alex/Library/Caches/typescript/3.8/node_modules/@types/webpack-sources/index.d.ts'
[23:47:28.703] Adding entry into typings cache: 'whatwg-encoding' => '/Users/alex/Library/Caches/typescript/3.8/node_modules/@types/whatwg-encoding/index.d.ts'
[23:47:28.705] Adding entry into typings cache: 'whatwg-mimetype' => '/Users/alex/Library/Caches/typescript/3.8/node_modules/@types/whatwg-mimetype/index.d.ts'
[23:47:28.706] Adding entry into typings cache: 'whatwg-url' => '/Users/alex/Library/Caches/typescript/3.8/node_modules/@types/whatwg-url/index.d.ts'
[23:47:28.707] Adding entry into typings cache: 'which' => '/Users/alex/Library/Caches/typescript/3.8/node_modules/@types/which/index.d.ts'
[23:47:28.709] Adding entry into typings cache: 'workbox-background-sync' => '/Users/alex/Library/Caches/typescript/3.8/node_modules/@types/workbox-background-sync/index.d.ts'
[23:47:28.710] Adding entry into typings cache: 'workbox-broadcast-update' => '/Users/alex/Library/Caches/typescript/3.8/node_modules/@types/workbox-broadcast-update/index.d.ts'
[23:47:28.711] Adding entry into typings cache: 'workbox-build' => '/Users/alex/Library/Caches/typescript/3.8/node_modules/@types/workbox-build/index.d.ts'
[23:47:28.712] Adding entry into typings cache: 'workbox-cacheable-response' => '/Users/alex/Library/Caches/typescript/3.8/node_modules/@types/workbox-cacheable-response/index.d.ts'
[23:47:28.713] Adding entry into typings cache: 'workbox-core' => '/Users/alex/Library/Caches/typescript/3.8/node_modules/@types/workbox-core/index.d.ts'
[23:47:28.714] Adding entry into typings cache: 'workbox-expiration' => '/Users/alex/Library/Caches/typescript/3.8/node_modules/@types/workbox-expiration/index.d.ts'
[23:47:28.715] Adding entry into typings cache: 'workbox-google-analytics' => '/Users/alex/Library/Caches/typescript/3.8/node_modules/@types/workbox-google-analytics/index.d.ts'
[23:47:28.716] Adding entry into typings cache: 'workbox-navigation-preload' => '/Users/alex/Library/Caches/typescript/3.8/node_modules/@types/workbox-navigation-preload/index.d.ts'
[23:47:28.717] Adding entry into typings cache: 'workbox-precaching' => '/Users/alex/Library/Caches/typescript/3.8/node_modules/@types/workbox-precaching/index.d.ts'
[23:47:28.718] Adding entry into typings cache: 'workbox-range-requests' => '/Users/alex/Library/Caches/typescript/3.8/node_modules/@types/workbox-range-requests/index.d.ts'
[23:47:28.719] Adding entry into typings cache: 'workbox-routing' => '/Users/alex/Library/Caches/typescript/3.8/node_modules/@types/workbox-routing/index.d.ts'
[23:47:28.721] Adding entry into typings cache: 'workbox-strategies' => '/Users/alex/Library/Caches/typescript/3.8/node_modules/@types/workbox-strategies/index.d.ts'
[23:47:28.723] Adding entry into typings cache: 'workbox-streams' => '/Users/alex/Library/Caches/typescript/3.8/node_modules/@types/workbox-streams/index.d.ts'
[23:47:28.724] Adding entry into typings cache: 'workbox-sw' => '/Users/alex/Library/Caches/typescript/3.8/node_modules/@types/workbox-sw/index.d.ts'
[23:47:28.725] Adding entry into typings cache: 'workbox-webpack-plugin' => '/Users/alex/Library/Caches/typescript/3.8/node_modules/@types/workbox-webpack-plugin/index.d.ts'
[23:47:28.726] Adding entry into typings cache: 'workbox-window' => '/Users/alex/Library/Caches/typescript/3.8/node_modules/@types/workbox-window/index.d.ts'
[23:47:28.728] Adding entry into typings cache: 'wrap-ansi' => '/Users/alex/Library/Caches/typescript/3.8/node_modules/@types/wrap-ansi/index.d.ts'
[23:47:28.729] Adding entry into typings cache: 'write' => '/Users/alex/Library/Caches/typescript/3.8/node_modules/@types/write/index.d.ts'
[23:47:28.731] Adding entry into typings cache: 'write-file-atomic' => '/Users/alex/Library/Caches/typescript/3.8/node_modules/@types/write-file-atomic/index.d.ts'
[23:47:28.732] Adding entry into typings cache: 'ws' => '/Users/alex/Library/Caches/typescript/3.8/node_modules/@types/ws/index.d.ts'
[23:47:28.733] Adding entry into typings cache: 'xregexp' => '/Users/alex/Library/Caches/typescript/3.8/node_modules/@types/xregexp/index.d.ts'
[23:47:28.734] Adding entry into typings cache: 'xtend' => '/Users/alex/Library/Caches/typescript/3.8/node_modules/@types/xtend/index.d.ts'
[23:47:28.735] Adding entry into typings cache: 'y18n' => '/Users/alex/Library/Caches/typescript/3.8/node_modules/@types/y18n/index.d.ts'
[23:47:28.737] Adding entry into typings cache: 'yallist' => '/Users/alex/Library/Caches/typescript/3.8/node_modules/@types/yallist/index.d.ts'
[23:47:28.741] Adding entry into typings cache: 'yaml' => '/Users/alex/Library/Caches/typescript/3.8/node_modules/@types/yaml/index.d.ts'
[23:47:28.742] Adding entry into typings cache: 'yargs' => '/Users/alex/Library/Caches/typescript/3.8/node_modules/@types/yargs/index.d.ts'
[23:47:28.743] Adding entry into typings cache: 'yargs-parser' => '/Users/alex/Library/Caches/typescript/3.8/node_modules/@types/yargs-parser/index.d.ts'
[23:47:28.744] Finished processing cache location '/Users/alex/Library/Caches/typescript/3.8'
[23:47:28.744] Process id: 48130
[23:47:28.744] NPM location: /usr/local/bin/npm (explicit '--npmLocation' not  provided)
[23:47:28.744] validateDefaultNpmLocation: false
[23:47:28.745] Npm config file: /Users/alex/Library/Caches/typescript/3.8/package.json
[23:47:28.745] Updating types-registry npm package...
[23:47:28.745] Exec: /usr/local/bin/npm install --ignore-scripts types-registry@latest
[23:47:33.983]     Succeeded. stdout:
    + types-registry@0.1.504
    updated 1 package and audited 877 packages in 4.084s

7 packages are looking for funding
  run `npm fund` for details

found 8 low severity vulnerabilities
  run `npm audit fix` to fix them, or `npm audit` for details

[23:47:33.984] Updated types-registry npm package
